{"C:\\Respaldo Jhosber\\Proyectos\\Label\\backend\\app.js": {"path":"C:\\Respaldo Jhosber\\Proyectos\\Label\\backend\\app.js","statementMap":{"0":{"start":{"line":18,"column":12},"end":{"line":18,"column":21}},"1":{"start":{"line":21,"column":20},"end":{"line":24,"column":1}},"2":{"start":{"line":26,"column":0},"end":{"line":26,"column":27}},"3":{"start":{"line":29,"column":0},"end":{"line":29,"column":24}},"4":{"start":{"line":32,"column":0},"end":{"line":32,"column":24}},"5":{"start":{"line":35,"column":0},"end":{"line":35,"column":33}},"6":{"start":{"line":36,"column":0},"end":{"line":36,"column":34}},"7":{"start":{"line":37,"column":0},"end":{"line":37,"column":49}},"8":{"start":{"line":38,"column":0},"end":{"line":38,"column":55}},"9":{"start":{"line":39,"column":0},"end":{"line":39,"column":40}},"10":{"start":{"line":40,"column":0},"end":{"line":40,"column":34}},"11":{"start":{"line":41,"column":0},"end":{"line":41,"column":38}},"12":{"start":{"line":42,"column":0},"end":{"line":42,"column":48}},"13":{"start":{"line":43,"column":0},"end":{"line":43,"column":35}},"14":{"start":{"line":44,"column":0},"end":{"line":44,"column":37}},"15":{"start":{"line":47,"column":0},"end":{"line":47,"column":18}},"16":{"start":{"line":48,"column":0},"end":{"line":48,"column":22}}},"fnMap":{},"branchMap":{"0":{"loc":{"start":{"line":22,"column":10},"end":{"line":22,"column":61}},"type":"binary-expr","locations":[{"start":{"line":22,"column":10},"end":{"line":22,"column":34}},{"start":{"line":22,"column":38},"end":{"line":22,"column":61}}],"line":22}},"s":{"0":2,"1":2,"2":2,"3":2,"4":2,"5":2,"6":2,"7":2,"8":2,"9":2,"10":2,"11":2,"12":2,"13":2,"14":2,"15":2,"16":2},"f":{},"b":{"0":[2,0]},"_coverageSchema":"1a1c01bbd47fc00a2c39e90264f33305004495a9","hash":"ef4e68783b69e87d2134136a7a93b67ebb0627bf"}
,"C:\\Respaldo Jhosber\\Proyectos\\Label\\backend\\constants.js": {"path":"C:\\Respaldo Jhosber\\Proyectos\\Label\\backend\\constants.js","statementMap":{"0":{"start":{"line":2,"column":36},"end":{"line":5,"column":1}}},"fnMap":{},"branchMap":{},"s":{"0":2},"f":{},"b":{},"_coverageSchema":"1a1c01bbd47fc00a2c39e90264f33305004495a9","hash":"59265892b6ffaf9057b66845bc5bf3062f049141"}
,"C:\\Respaldo Jhosber\\Proyectos\\Label\\backend\\config\\cloudinaryConfig.js": {"path":"C:\\Respaldo Jhosber\\Proyectos\\Label\\backend\\config\\cloudinaryConfig.js","statementMap":{"0":{"start":{"line":6,"column":0},"end":{"line":11,"column":3}}},"fnMap":{},"branchMap":{},"s":{"0":2},"f":{},"b":{},"_coverageSchema":"1a1c01bbd47fc00a2c39e90264f33305004495a9","hash":"8fe7d40c9809c845c6388afc14cc2d717f0c400e"}
,"C:\\Respaldo Jhosber\\Proyectos\\Label\\backend\\controllers\\authController.js": {"path":"C:\\Respaldo Jhosber\\Proyectos\\Label\\backend\\controllers\\authController.js","statementMap":{"0":{"start":{"line":10,"column":21},"end":{"line":57,"column":2}},"1":{"start":{"line":11,"column":40},"end":{"line":11,"column":48}},"2":{"start":{"line":13,"column":2},"end":{"line":16,"column":3}},"3":{"start":{"line":14,"column":4},"end":{"line":14,"column":20}},"4":{"start":{"line":15,"column":4},"end":{"line":15,"column":61}},"5":{"start":{"line":18,"column":21},"end":{"line":18,"column":50}},"6":{"start":{"line":20,"column":2},"end":{"line":23,"column":3}},"7":{"start":{"line":21,"column":4},"end":{"line":21,"column":20}},"8":{"start":{"line":22,"column":4},"end":{"line":22,"column":73}},"9":{"start":{"line":25,"column":15},"end":{"line":29,"column":4}},"10":{"start":{"line":31,"column":2},"end":{"line":56,"column":3}},"11":{"start":{"line":33,"column":24},"end":{"line":33,"column":53}},"12":{"start":{"line":34,"column":25},"end":{"line":34,"column":55}},"13":{"start":{"line":37,"column":4},"end":{"line":42,"column":7}},"14":{"start":{"line":44,"column":4},"end":{"line":52,"column":7}},"15":{"start":{"line":54,"column":4},"end":{"line":54,"column":20}},"16":{"start":{"line":55,"column":4},"end":{"line":55,"column":51}},"17":{"start":{"line":59,"column":18},"end":{"line":94,"column":2}},"18":{"start":{"line":60,"column":2},"end":{"line":93,"column":3}},"19":{"start":{"line":61,"column":32},"end":{"line":61,"column":40}},"20":{"start":{"line":62,"column":17},"end":{"line":62,"column":46}},"21":{"start":{"line":64,"column":4},"end":{"line":89,"column":5}},"22":{"start":{"line":66,"column":26},"end":{"line":66,"column":55}},"23":{"start":{"line":67,"column":27},"end":{"line":67,"column":57}},"24":{"start":{"line":70,"column":6},"end":{"line":75,"column":9}},"25":{"start":{"line":78,"column":6},"end":{"line":85,"column":9}},"26":{"start":{"line":87,"column":6},"end":{"line":87,"column":22}},"27":{"start":{"line":88,"column":6},"end":{"line":88,"column":68}},"28":{"start":{"line":92,"column":4},"end":{"line":92,"column":16}},"29":{"start":{"line":96,"column":27},"end":{"line":117,"column":2}},"30":{"start":{"line":98,"column":23},"end":{"line":98,"column":47}},"31":{"start":{"line":100,"column":2},"end":{"line":103,"column":3}},"32":{"start":{"line":101,"column":4},"end":{"line":101,"column":20}},"33":{"start":{"line":102,"column":4},"end":{"line":102,"column":58}},"34":{"start":{"line":105,"column":2},"end":{"line":116,"column":3}},"35":{"start":{"line":107,"column":20},"end":{"line":107,"column":76}},"36":{"start":{"line":110,"column":27},"end":{"line":110,"column":58}},"37":{"start":{"line":111,"column":4},"end":{"line":111,"column":46}},"38":{"start":{"line":114,"column":4},"end":{"line":114,"column":20}},"39":{"start":{"line":115,"column":4},"end":{"line":115,"column":64}},"40":{"start":{"line":120,"column":19},"end":{"line":127,"column":2}},"41":{"start":{"line":122,"column":2},"end":{"line":125,"column":5}},"42":{"start":{"line":126,"column":2},"end":{"line":126,"column":64}}},"fnMap":{"0":{"name":"(anonymous_0)","decl":{"start":{"line":10,"column":34},"end":{"line":10,"column":35}},"loc":{"start":{"line":10,"column":54},"end":{"line":57,"column":1}},"line":10},"1":{"name":"(anonymous_1)","decl":{"start":{"line":59,"column":31},"end":{"line":59,"column":32}},"loc":{"start":{"line":59,"column":57},"end":{"line":94,"column":1}},"line":59},"2":{"name":"(anonymous_2)","decl":{"start":{"line":96,"column":40},"end":{"line":96,"column":41}},"loc":{"start":{"line":96,"column":60},"end":{"line":117,"column":1}},"line":96},"3":{"name":"(anonymous_3)","decl":{"start":{"line":120,"column":32},"end":{"line":120,"column":33}},"loc":{"start":{"line":120,"column":52},"end":{"line":127,"column":1}},"line":120}},"branchMap":{"0":{"loc":{"start":{"line":13,"column":2},"end":{"line":16,"column":3}},"type":"if","locations":[{"start":{"line":13,"column":2},"end":{"line":16,"column":3}},{"start":{},"end":{}}],"line":13},"1":{"loc":{"start":{"line":13,"column":6},"end":{"line":13,"column":38}},"type":"binary-expr","locations":[{"start":{"line":13,"column":6},"end":{"line":13,"column":15}},{"start":{"line":13,"column":19},"end":{"line":13,"column":25}},{"start":{"line":13,"column":29},"end":{"line":13,"column":38}}],"line":13},"2":{"loc":{"start":{"line":20,"column":2},"end":{"line":23,"column":3}},"type":"if","locations":[{"start":{"line":20,"column":2},"end":{"line":23,"column":3}},{"start":{},"end":{}}],"line":20},"3":{"loc":{"start":{"line":31,"column":2},"end":{"line":56,"column":3}},"type":"if","locations":[{"start":{"line":31,"column":2},"end":{"line":56,"column":3}},{"start":{"line":53,"column":9},"end":{"line":56,"column":3}}],"line":31},"4":{"loc":{"start":{"line":64,"column":4},"end":{"line":89,"column":5}},"type":"if","locations":[{"start":{"line":64,"column":4},"end":{"line":89,"column":5}},{"start":{"line":86,"column":11},"end":{"line":89,"column":5}}],"line":64},"5":{"loc":{"start":{"line":64,"column":8},"end":{"line":64,"column":52}},"type":"binary-expr","locations":[{"start":{"line":64,"column":8},"end":{"line":64,"column":12}},{"start":{"line":64,"column":17},"end":{"line":64,"column":51}}],"line":64},"6":{"loc":{"start":{"line":100,"column":2},"end":{"line":103,"column":3}},"type":"if","locations":[{"start":{"line":100,"column":2},"end":{"line":103,"column":3}},{"start":{},"end":{}}],"line":100}},"s":{"0":2,"1":3,"2":3,"3":0,"4":0,"5":3,"6":3,"7":1,"8":1,"9":2,"10":2,"11":2,"12":2,"13":2,"14":2,"15":0,"16":0,"17":2,"18":2,"19":2,"20":2,"21":2,"22":1,"23":1,"24":1,"25":1,"26":1,"27":1,"28":1,"29":2,"30":0,"31":0,"32":0,"33":0,"34":0,"35":0,"36":0,"37":0,"38":0,"39":0,"40":2,"41":0,"42":0},"f":{"0":3,"1":2,"2":0,"3":0},"b":{"0":[0,3],"1":[3,3,3],"2":[1,2],"3":[2,0],"4":[1,1],"5":[2,2],"6":[0,0]},"_coverageSchema":"1a1c01bbd47fc00a2c39e90264f33305004495a9","hash":"a4a956da7bf14ec9dcbd9224e80724c4aade20f8"}
,"C:\\Respaldo Jhosber\\Proyectos\\Label\\backend\\controllers\\clientController.js": {"path":"C:\\Respaldo Jhosber\\Proyectos\\Label\\backend\\controllers\\clientController.js","statementMap":{"0":{"start":{"line":8,"column":26},"end":{"line":12,"column":2}},"1":{"start":{"line":10,"column":18},"end":{"line":10,"column":82}},"2":{"start":{"line":11,"column":2},"end":{"line":11,"column":32}},"3":{"start":{"line":17,"column":28},"end":{"line":35,"column":2}},"4":{"start":{"line":18,"column":42},"end":{"line":18,"column":50}},"5":{"start":{"line":21,"column":2},"end":{"line":24,"column":3}},"6":{"start":{"line":22,"column":4},"end":{"line":22,"column":20}},"7":{"start":{"line":23,"column":4},"end":{"line":23,"column":63}},"8":{"start":{"line":26,"column":17},"end":{"line":32,"column":4}},"9":{"start":{"line":34,"column":2},"end":{"line":34,"column":31}},"10":{"start":{"line":41,"column":29},"end":{"line":56,"column":2}},"11":{"start":{"line":42,"column":17},"end":{"line":42,"column":53}},"12":{"start":{"line":44,"column":2},"end":{"line":47,"column":3}},"13":{"start":{"line":45,"column":4},"end":{"line":45,"column":20}},"14":{"start":{"line":46,"column":4},"end":{"line":46,"column":45}},"15":{"start":{"line":50,"column":2},"end":{"line":53,"column":3}},"16":{"start":{"line":51,"column":4},"end":{"line":51,"column":20}},"17":{"start":{"line":52,"column":4},"end":{"line":52,"column":59}},"18":{"start":{"line":55,"column":2},"end":{"line":55,"column":31}},"19":{"start":{"line":62,"column":28},"end":{"line":84,"column":2}},"20":{"start":{"line":63,"column":42},"end":{"line":63,"column":50}},"21":{"start":{"line":64,"column":17},"end":{"line":64,"column":53}},"22":{"start":{"line":66,"column":2},"end":{"line":69,"column":3}},"23":{"start":{"line":67,"column":4},"end":{"line":67,"column":20}},"24":{"start":{"line":68,"column":4},"end":{"line":68,"column":45}},"25":{"start":{"line":72,"column":2},"end":{"line":75,"column":3}},"26":{"start":{"line":73,"column":4},"end":{"line":73,"column":20}},"27":{"start":{"line":74,"column":4},"end":{"line":74,"column":66}},"28":{"start":{"line":77,"column":24},"end":{"line":81,"column":3}},"29":{"start":{"line":83,"column":2},"end":{"line":83,"column":38}},"30":{"start":{"line":90,"column":28},"end":{"line":106,"column":2}},"31":{"start":{"line":91,"column":17},"end":{"line":91,"column":53}},"32":{"start":{"line":93,"column":2},"end":{"line":96,"column":3}},"33":{"start":{"line":94,"column":4},"end":{"line":94,"column":20}},"34":{"start":{"line":95,"column":4},"end":{"line":95,"column":45}},"35":{"start":{"line":99,"column":2},"end":{"line":102,"column":3}},"36":{"start":{"line":100,"column":4},"end":{"line":100,"column":20}},"37":{"start":{"line":101,"column":4},"end":{"line":101,"column":64}},"38":{"start":{"line":104,"column":2},"end":{"line":104,"column":27}},"39":{"start":{"line":105,"column":2},"end":{"line":105,"column":89}}},"fnMap":{"0":{"name":"(anonymous_0)","decl":{"start":{"line":8,"column":39},"end":{"line":8,"column":40}},"loc":{"start":{"line":8,"column":59},"end":{"line":12,"column":1}},"line":8},"1":{"name":"(anonymous_1)","decl":{"start":{"line":17,"column":41},"end":{"line":17,"column":42}},"loc":{"start":{"line":17,"column":61},"end":{"line":35,"column":1}},"line":17},"2":{"name":"(anonymous_2)","decl":{"start":{"line":41,"column":42},"end":{"line":41,"column":43}},"loc":{"start":{"line":41,"column":62},"end":{"line":56,"column":1}},"line":41},"3":{"name":"(anonymous_3)","decl":{"start":{"line":62,"column":41},"end":{"line":62,"column":42}},"loc":{"start":{"line":62,"column":61},"end":{"line":84,"column":1}},"line":62},"4":{"name":"(anonymous_4)","decl":{"start":{"line":90,"column":41},"end":{"line":90,"column":42}},"loc":{"start":{"line":90,"column":61},"end":{"line":106,"column":1}},"line":90}},"branchMap":{"0":{"loc":{"start":{"line":21,"column":2},"end":{"line":24,"column":3}},"type":"if","locations":[{"start":{"line":21,"column":2},"end":{"line":24,"column":3}},{"start":{},"end":{}}],"line":21},"1":{"loc":{"start":{"line":44,"column":2},"end":{"line":47,"column":3}},"type":"if","locations":[{"start":{"line":44,"column":2},"end":{"line":47,"column":3}},{"start":{},"end":{}}],"line":44},"2":{"loc":{"start":{"line":50,"column":2},"end":{"line":53,"column":3}},"type":"if","locations":[{"start":{"line":50,"column":2},"end":{"line":53,"column":3}},{"start":{},"end":{}}],"line":50},"3":{"loc":{"start":{"line":66,"column":2},"end":{"line":69,"column":3}},"type":"if","locations":[{"start":{"line":66,"column":2},"end":{"line":69,"column":3}},{"start":{},"end":{}}],"line":66},"4":{"loc":{"start":{"line":72,"column":2},"end":{"line":75,"column":3}},"type":"if","locations":[{"start":{"line":72,"column":2},"end":{"line":75,"column":3}},{"start":{},"end":{}}],"line":72},"5":{"loc":{"start":{"line":93,"column":2},"end":{"line":96,"column":3}},"type":"if","locations":[{"start":{"line":93,"column":2},"end":{"line":96,"column":3}},{"start":{},"end":{}}],"line":93},"6":{"loc":{"start":{"line":99,"column":2},"end":{"line":102,"column":3}},"type":"if","locations":[{"start":{"line":99,"column":2},"end":{"line":102,"column":3}},{"start":{},"end":{}}],"line":99}},"s":{"0":2,"1":0,"2":0,"3":2,"4":0,"5":0,"6":0,"7":0,"8":0,"9":0,"10":2,"11":0,"12":0,"13":0,"14":0,"15":0,"16":0,"17":0,"18":0,"19":2,"20":0,"21":0,"22":0,"23":0,"24":0,"25":0,"26":0,"27":0,"28":0,"29":0,"30":2,"31":0,"32":0,"33":0,"34":0,"35":0,"36":0,"37":0,"38":0,"39":0},"f":{"0":0,"1":0,"2":0,"3":0,"4":0},"b":{"0":[0,0],"1":[0,0],"2":[0,0],"3":[0,0],"4":[0,0],"5":[0,0],"6":[0,0]},"_coverageSchema":"1a1c01bbd47fc00a2c39e90264f33305004495a9","hash":"2b08cafbb73e3ec5b1fbaec7c50b384cf1fb02b3"}
,"C:\\Respaldo Jhosber\\Proyectos\\Label\\backend\\controllers\\customExchangeRateController.js": {"path":"C:\\Respaldo Jhosber\\Proyectos\\Label\\backend\\controllers\\customExchangeRateController.js","statementMap":{"0":{"start":{"line":9,"column":24},"end":{"line":30,"column":1}},"1":{"start":{"line":10,"column":2},"end":{"line":12,"column":3}},"2":{"start":{"line":11,"column":4},"end":{"line":11,"column":78}},"3":{"start":{"line":14,"column":33},"end":{"line":14,"column":77}},"4":{"start":{"line":16,"column":2},"end":{"line":19,"column":3}},"5":{"start":{"line":18,"column":4},"end":{"line":18,"column":78}},"6":{"start":{"line":22,"column":21},"end":{"line":24,"column":3}},"7":{"start":{"line":23,"column":12},"end":{"line":23,"column":64}},"8":{"start":{"line":26,"column":2},"end":{"line":28,"column":3}},"9":{"start":{"line":27,"column":4},"end":{"line":27,"column":87}},"10":{"start":{"line":29,"column":2},"end":{"line":29,"column":25}},"11":{"start":{"line":37,"column":32},"end":{"line":59,"column":2}},"12":{"start":{"line":38,"column":56},"end":{"line":38,"column":64}},"13":{"start":{"line":40,"column":2},"end":{"line":43,"column":3}},"14":{"start":{"line":41,"column":4},"end":{"line":41,"column":20}},"15":{"start":{"line":42,"column":4},"end":{"line":42,"column":63}},"16":{"start":{"line":46,"column":23},"end":{"line":46,"column":83}},"17":{"start":{"line":49,"column":26},"end":{"line":49,"column":68}},"18":{"start":{"line":51,"column":21},"end":{"line":56,"column":4}},"19":{"start":{"line":58,"column":2},"end":{"line":58,"column":35}},"20":{"start":{"line":66,"column":30},"end":{"line":69,"column":2}},"21":{"start":{"line":67,"column":16},"end":{"line":67,"column":78}},"22":{"start":{"line":68,"column":2},"end":{"line":68,"column":30}},"23":{"start":{"line":76,"column":32},"end":{"line":97,"column":2}},"24":{"start":{"line":77,"column":30},"end":{"line":77,"column":38}},"25":{"start":{"line":78,"column":23},"end":{"line":78,"column":71}},"26":{"start":{"line":80,"column":2},"end":{"line":83,"column":3}},"27":{"start":{"line":81,"column":4},"end":{"line":81,"column":20}},"28":{"start":{"line":82,"column":4},"end":{"line":82,"column":58}},"29":{"start":{"line":86,"column":2},"end":{"line":89,"column":3}},"30":{"start":{"line":87,"column":4},"end":{"line":87,"column":20}},"31":{"start":{"line":88,"column":4},"end":{"line":88,"column":79}},"32":{"start":{"line":92,"column":23},"end":{"line":92,"column":109}},"33":{"start":{"line":93,"column":2},"end":{"line":93,"column":76}},"34":{"start":{"line":95,"column":22},"end":{"line":95,"column":47}},"35":{"start":{"line":96,"column":2},"end":{"line":96,"column":36}},"36":{"start":{"line":104,"column":32},"end":{"line":117,"column":2}},"37":{"start":{"line":109,"column":15},"end":{"line":109,"column":63}},"38":{"start":{"line":110,"column":2},"end":{"line":116,"column":3}},"39":{"start":{"line":111,"column":4},"end":{"line":111,"column":27}},"40":{"start":{"line":112,"column":4},"end":{"line":112,"column":74}},"41":{"start":{"line":114,"column":4},"end":{"line":114,"column":20}},"42":{"start":{"line":115,"column":4},"end":{"line":115,"column":67}}},"fnMap":{"0":{"name":"(anonymous_0)","decl":{"start":{"line":9,"column":24},"end":{"line":9,"column":25}},"loc":{"start":{"line":9,"column":52},"end":{"line":30,"column":1}},"line":9},"1":{"name":"(anonymous_1)","decl":{"start":{"line":23,"column":4},"end":{"line":23,"column":5}},"loc":{"start":{"line":23,"column":12},"end":{"line":23,"column":64}},"line":23},"2":{"name":"(anonymous_2)","decl":{"start":{"line":37,"column":45},"end":{"line":37,"column":46}},"loc":{"start":{"line":37,"column":65},"end":{"line":59,"column":1}},"line":37},"3":{"name":"(anonymous_3)","decl":{"start":{"line":66,"column":43},"end":{"line":66,"column":44}},"loc":{"start":{"line":66,"column":63},"end":{"line":69,"column":1}},"line":66},"4":{"name":"(anonymous_4)","decl":{"start":{"line":76,"column":45},"end":{"line":76,"column":46}},"loc":{"start":{"line":76,"column":65},"end":{"line":97,"column":1}},"line":76},"5":{"name":"(anonymous_5)","decl":{"start":{"line":104,"column":45},"end":{"line":104,"column":46}},"loc":{"start":{"line":104,"column":65},"end":{"line":117,"column":1}},"line":104}},"branchMap":{"0":{"loc":{"start":{"line":10,"column":2},"end":{"line":12,"column":3}},"type":"if","locations":[{"start":{"line":10,"column":2},"end":{"line":12,"column":3}},{"start":{},"end":{}}],"line":10},"1":{"loc":{"start":{"line":16,"column":2},"end":{"line":19,"column":3}},"type":"if","locations":[{"start":{"line":16,"column":2},"end":{"line":19,"column":3}},{"start":{},"end":{}}],"line":16},"2":{"loc":{"start":{"line":16,"column":6},"end":{"line":16,"column":119}},"type":"binary-expr","locations":[{"start":{"line":16,"column":6},"end":{"line":16,"column":29}},{"start":{"line":16,"column":33},"end":{"line":16,"column":68}},{"start":{"line":16,"column":72},"end":{"line":16,"column":119}}],"line":16},"3":{"loc":{"start":{"line":23,"column":12},"end":{"line":23,"column":64}},"type":"binary-expr","locations":[{"start":{"line":23,"column":12},"end":{"line":23,"column":38}},{"start":{"line":23,"column":42},"end":{"line":23,"column":64}}],"line":23},"4":{"loc":{"start":{"line":26,"column":2},"end":{"line":28,"column":3}},"type":"if","locations":[{"start":{"line":26,"column":2},"end":{"line":28,"column":3}},{"start":{},"end":{}}],"line":26},"5":{"loc":{"start":{"line":40,"column":2},"end":{"line":43,"column":3}},"type":"if","locations":[{"start":{"line":40,"column":2},"end":{"line":43,"column":3}},{"start":{},"end":{}}],"line":40},"6":{"loc":{"start":{"line":40,"column":6},"end":{"line":40,"column":95}},"type":"binary-expr","locations":[{"start":{"line":40,"column":6},"end":{"line":40,"column":19}},{"start":{"line":40,"column":23},"end":{"line":40,"column":34}},{"start":{"line":40,"column":38},"end":{"line":40,"column":67}},{"start":{"line":40,"column":71},"end":{"line":40,"column":95}}],"line":40},"7":{"loc":{"start":{"line":80,"column":2},"end":{"line":83,"column":3}},"type":"if","locations":[{"start":{"line":80,"column":2},"end":{"line":83,"column":3}},{"start":{},"end":{}}],"line":80},"8":{"loc":{"start":{"line":86,"column":2},"end":{"line":89,"column":3}},"type":"if","locations":[{"start":{"line":86,"column":2},"end":{"line":89,"column":3}},{"start":{},"end":{}}],"line":86},"9":{"loc":{"start":{"line":110,"column":2},"end":{"line":116,"column":3}},"type":"if","locations":[{"start":{"line":110,"column":2},"end":{"line":116,"column":3}},{"start":{"line":113,"column":9},"end":{"line":116,"column":3}}],"line":110},"10":{"loc":{"start":{"line":110,"column":6},"end":{"line":110,"column":60}},"type":"binary-expr","locations":[{"start":{"line":110,"column":6},"end":{"line":110,"column":10}},{"start":{"line":110,"column":14},"end":{"line":110,"column":60}}],"line":110}},"s":{"0":2,"1":0,"2":0,"3":0,"4":0,"5":0,"6":0,"7":0,"8":0,"9":0,"10":0,"11":2,"12":0,"13":0,"14":0,"15":0,"16":0,"17":0,"18":0,"19":0,"20":2,"21":0,"22":0,"23":2,"24":0,"25":0,"26":0,"27":0,"28":0,"29":0,"30":0,"31":0,"32":0,"33":0,"34":0,"35":0,"36":2,"37":0,"38":0,"39":0,"40":0,"41":0,"42":0},"f":{"0":0,"1":0,"2":0,"3":0,"4":0,"5":0},"b":{"0":[0,0],"1":[0,0],"2":[0,0,0],"3":[0,0],"4":[0,0],"5":[0,0],"6":[0,0,0,0],"7":[0,0],"8":[0,0],"9":[0,0],"10":[0,0]},"_coverageSchema":"1a1c01bbd47fc00a2c39e90264f33305004495a9","hash":"536f8916ed3ea993e9418c7da70d90569baeff14"}
,"C:\\Respaldo Jhosber\\Proyectos\\Label\\backend\\controllers\\exchangeRateController.js": {"path":"C:\\Respaldo Jhosber\\Proyectos\\Label\\backend\\controllers\\exchangeRateController.js","statementMap":{"0":{"start":{"line":8,"column":26},"end":{"line":8,"column":46}},"1":{"start":{"line":13,"column":24},"end":{"line":21,"column":2}},"2":{"start":{"line":14,"column":31},"end":{"line":14,"column":80}},"3":{"start":{"line":16,"column":4},"end":{"line":20,"column":5}},"4":{"start":{"line":17,"column":8},"end":{"line":17,"column":49}},"5":{"start":{"line":19,"column":8},"end":{"line":19,"column":108}},"6":{"start":{"line":26,"column":24},"end":{"line":86,"column":2}},"7":{"start":{"line":28,"column":100},"end":{"line":28,"column":108}},"8":{"start":{"line":29,"column":19},"end":{"line":29,"column":30}},"9":{"start":{"line":32,"column":4},"end":{"line":35,"column":5}},"10":{"start":{"line":33,"column":8},"end":{"line":33,"column":24}},"11":{"start":{"line":34,"column":8},"end":{"line":34,"column":80}},"12":{"start":{"line":37,"column":4},"end":{"line":42,"column":5}},"13":{"start":{"line":38,"column":8},"end":{"line":41,"column":9}},"14":{"start":{"line":39,"column":12},"end":{"line":39,"column":28}},"15":{"start":{"line":40,"column":12},"end":{"line":40,"column":111}},"16":{"start":{"line":44,"column":39},"end":{"line":44,"column":70}},"17":{"start":{"line":45,"column":4},"end":{"line":48,"column":5}},"18":{"start":{"line":46,"column":8},"end":{"line":46,"column":24}},"19":{"start":{"line":47,"column":8},"end":{"line":47,"column":87}},"20":{"start":{"line":50,"column":47},"end":{"line":50,"column":86}},"21":{"start":{"line":51,"column":4},"end":{"line":54,"column":5}},"22":{"start":{"line":52,"column":8},"end":{"line":52,"column":24}},"23":{"start":{"line":53,"column":8},"end":{"line":53,"column":93}},"24":{"start":{"line":56,"column":28},"end":{"line":56,"column":48}},"25":{"start":{"line":57,"column":4},"end":{"line":60,"column":5}},"26":{"start":{"line":58,"column":8},"end":{"line":58,"column":24}},"27":{"start":{"line":59,"column":8},"end":{"line":59,"column":78}},"28":{"start":{"line":62,"column":29},"end":{"line":62,"column":73}},"29":{"start":{"line":64,"column":4},"end":{"line":85,"column":5}},"30":{"start":{"line":65,"column":8},"end":{"line":65,"column":105}},"31":{"start":{"line":65,"column":66},"end":{"line":65,"column":102}},"32":{"start":{"line":66,"column":8},"end":{"line":66,"column":80}},"33":{"start":{"line":67,"column":8},"end":{"line":67,"column":96}},"34":{"start":{"line":70,"column":8},"end":{"line":72,"column":9}},"35":{"start":{"line":71,"column":12},"end":{"line":71,"column":62}},"36":{"start":{"line":73,"column":8},"end":{"line":73,"column":40}},"37":{"start":{"line":74,"column":8},"end":{"line":74,"column":49}},"38":{"start":{"line":77,"column":8},"end":{"line":83,"column":11}},"39":{"start":{"line":79,"column":50},"end":{"line":79,"column":86}},"40":{"start":{"line":84,"column":8},"end":{"line":84,"column":49}},"41":{"start":{"line":91,"column":26},"end":{"line":226,"column":2}},"42":{"start":{"line":92,"column":20},"end":{"line":92,"column":53}},"43":{"start":{"line":93,"column":25},"end":{"line":93,"column":83}},"44":{"start":{"line":95,"column":4},"end":{"line":225,"column":5}},"45":{"start":{"line":96,"column":8},"end":{"line":96,"column":105}},"46":{"start":{"line":97,"column":25},"end":{"line":97,"column":54}},"47":{"start":{"line":98,"column":21},"end":{"line":98,"column":34}},"48":{"start":{"line":100,"column":8},"end":{"line":214,"column":9}},"49":{"start":{"line":101,"column":37},"end":{"line":101,"column":86}},"50":{"start":{"line":103,"column":12},"end":{"line":112,"column":13}},"51":{"start":{"line":104,"column":16},"end":{"line":104,"column":115}},"52":{"start":{"line":105,"column":16},"end":{"line":111,"column":19}},"53":{"start":{"line":115,"column":39},"end":{"line":115,"column":64}},"54":{"start":{"line":116,"column":12},"end":{"line":118,"column":13}},"55":{"start":{"line":117,"column":16},"end":{"line":117,"column":69}},"56":{"start":{"line":119,"column":12},"end":{"line":119,"column":63}},"57":{"start":{"line":122,"column":39},"end":{"line":122,"column":41}},"58":{"start":{"line":123,"column":43},"end":{"line":123,"column":64}},"59":{"start":{"line":127,"column":38},"end":{"line":127,"column":47}},"60":{"start":{"line":131,"column":12},"end":{"line":164,"column":13}},"61":{"start":{"line":132,"column":16},"end":{"line":132,"column":49}},"62":{"start":{"line":132,"column":40},"end":{"line":132,"column":49}},"63":{"start":{"line":134,"column":36},"end":{"line":134,"column":68}},"64":{"start":{"line":136,"column":16},"end":{"line":163,"column":17}},"65":{"start":{"line":137,"column":45},"end":{"line":137,"column":62}},"66":{"start":{"line":138,"column":20},"end":{"line":146,"column":21}},"67":{"start":{"line":139,"column":24},"end":{"line":144,"column":27}},"68":{"start":{"line":145,"column":24},"end":{"line":145,"column":77}},"69":{"start":{"line":149,"column":45},"end":{"line":149,"column":62}},"70":{"start":{"line":150,"column":20},"end":{"line":158,"column":21}},"71":{"start":{"line":151,"column":25},"end":{"line":156,"column":27}},"72":{"start":{"line":157,"column":24},"end":{"line":157,"column":81}},"73":{"start":{"line":159,"column":23},"end":{"line":163,"column":17}},"74":{"start":{"line":160,"column":20},"end":{"line":160,"column":96}},"75":{"start":{"line":162,"column":20},"end":{"line":162,"column":110}},"76":{"start":{"line":168,"column":12},"end":{"line":191,"column":13}},"77":{"start":{"line":169,"column":16},"end":{"line":190,"column":17}},"78":{"start":{"line":170,"column":20},"end":{"line":170,"column":54}},"79":{"start":{"line":170,"column":45},"end":{"line":170,"column":54}},"80":{"start":{"line":172,"column":32},"end":{"line":172,"column":55}},"81":{"start":{"line":173,"column":20},"end":{"line":173,"column":61}},"82":{"start":{"line":173,"column":52},"end":{"line":173,"column":61}},"83":{"start":{"line":175,"column":50},"end":{"line":175,"column":90}},"84":{"start":{"line":176,"column":48},"end":{"line":176,"column":86}},"85":{"start":{"line":178,"column":20},"end":{"line":189,"column":21}},"86":{"start":{"line":179,"column":42},"end":{"line":179,"column":85}},"87":{"start":{"line":180,"column":24},"end":{"line":185,"column":27}},"88":{"start":{"line":186,"column":24},"end":{"line":186,"column":62}},"89":{"start":{"line":194,"column":12},"end":{"line":197,"column":15}},"90":{"start":{"line":195,"column":16},"end":{"line":195,"column":103}},"91":{"start":{"line":195,"column":55},"end":{"line":195,"column":103}},"92":{"start":{"line":196,"column":16},"end":{"line":196,"column":68}},"93":{"start":{"line":199,"column":12},"end":{"line":199,"column":64}},"94":{"start":{"line":202,"column":12},"end":{"line":202,"column":44}},"95":{"start":{"line":204,"column":12},"end":{"line":204,"column":179}},"96":{"start":{"line":205,"column":12},"end":{"line":209,"column":15}},"97":{"start":{"line":212,"column":12},"end":{"line":212,"column":139}},"98":{"start":{"line":213,"column":12},"end":{"line":213,"column":106}},"99":{"start":{"line":217,"column":8},"end":{"line":217,"column":103}},"100":{"start":{"line":218,"column":8},"end":{"line":223,"column":9}},"101":{"start":{"line":219,"column":12},"end":{"line":219,"column":115}},"102":{"start":{"line":220,"column":12},"end":{"line":222,"column":13}},"103":{"start":{"line":221,"column":16},"end":{"line":221,"column":136}},"104":{"start":{"line":224,"column":8},"end":{"line":224,"column":97}}},"fnMap":{"0":{"name":"(anonymous_0)","decl":{"start":{"line":13,"column":37},"end":{"line":13,"column":38}},"loc":{"start":{"line":13,"column":57},"end":{"line":21,"column":1}},"line":13},"1":{"name":"(anonymous_1)","decl":{"start":{"line":26,"column":37},"end":{"line":26,"column":38}},"loc":{"start":{"line":26,"column":57},"end":{"line":86,"column":1}},"line":26},"2":{"name":"(anonymous_2)","decl":{"start":{"line":65,"column":57},"end":{"line":65,"column":58}},"loc":{"start":{"line":65,"column":66},"end":{"line":65,"column":102}},"line":65},"3":{"name":"(anonymous_3)","decl":{"start":{"line":79,"column":41},"end":{"line":79,"column":42}},"loc":{"start":{"line":79,"column":50},"end":{"line":79,"column":86}},"line":79},"4":{"name":"(anonymous_4)","decl":{"start":{"line":91,"column":39},"end":{"line":91,"column":40}},"loc":{"start":{"line":91,"column":59},"end":{"line":226,"column":1}},"line":91},"5":{"name":"(anonymous_5)","decl":{"start":{"line":194,"column":36},"end":{"line":194,"column":37}},"loc":{"start":{"line":194,"column":46},"end":{"line":197,"column":13}},"line":194}},"branchMap":{"0":{"loc":{"start":{"line":16,"column":4},"end":{"line":20,"column":5}},"type":"if","locations":[{"start":{"line":16,"column":4},"end":{"line":20,"column":5}},{"start":{"line":18,"column":11},"end":{"line":20,"column":5}}],"line":16},"1":{"loc":{"start":{"line":32,"column":4},"end":{"line":35,"column":5}},"type":"if","locations":[{"start":{"line":32,"column":4},"end":{"line":35,"column":5}},{"start":{},"end":{}}],"line":32},"2":{"loc":{"start":{"line":32,"column":8},"end":{"line":32,"column":79}},"type":"binary-expr","locations":[{"start":{"line":32,"column":8},"end":{"line":32,"column":20}},{"start":{"line":32,"column":24},"end":{"line":32,"column":51}},{"start":{"line":32,"column":55},"end":{"line":32,"column":79}}],"line":32},"3":{"loc":{"start":{"line":38,"column":8},"end":{"line":41,"column":9}},"type":"if","locations":[{"start":{"line":38,"column":8},"end":{"line":41,"column":9}},{"start":{},"end":{}}],"line":38},"4":{"loc":{"start":{"line":38,"column":12},"end":{"line":38,"column":104}},"type":"binary-expr","locations":[{"start":{"line":38,"column":12},"end":{"line":38,"column":30}},{"start":{"line":38,"column":34},"end":{"line":38,"column":50}},{"start":{"line":38,"column":54},"end":{"line":38,"column":78}},{"start":{"line":38,"column":82},"end":{"line":38,"column":104}}],"line":38},"5":{"loc":{"start":{"line":45,"column":4},"end":{"line":48,"column":5}},"type":"if","locations":[{"start":{"line":45,"column":4},"end":{"line":48,"column":5}},{"start":{},"end":{}}],"line":45},"6":{"loc":{"start":{"line":45,"column":8},"end":{"line":45,"column":111}},"type":"binary-expr","locations":[{"start":{"line":45,"column":8},"end":{"line":45,"column":41}},{"start":{"line":45,"column":45},"end":{"line":45,"column":75}},{"start":{"line":45,"column":79},"end":{"line":45,"column":111}}],"line":45},"7":{"loc":{"start":{"line":51,"column":4},"end":{"line":54,"column":5}},"type":"if","locations":[{"start":{"line":51,"column":4},"end":{"line":54,"column":5}},{"start":{},"end":{}}],"line":51},"8":{"loc":{"start":{"line":51,"column":8},"end":{"line":51,"column":135}},"type":"binary-expr","locations":[{"start":{"line":51,"column":8},"end":{"line":51,"column":49}},{"start":{"line":51,"column":53},"end":{"line":51,"column":91}},{"start":{"line":51,"column":95},"end":{"line":51,"column":135}}],"line":51},"9":{"loc":{"start":{"line":57,"column":4},"end":{"line":60,"column":5}},"type":"if","locations":[{"start":{"line":57,"column":4},"end":{"line":60,"column":5}},{"start":{},"end":{}}],"line":57},"10":{"loc":{"start":{"line":57,"column":8},"end":{"line":57,"column":86}},"type":"binary-expr","locations":[{"start":{"line":57,"column":8},"end":{"line":57,"column":34}},{"start":{"line":57,"column":39},"end":{"line":57,"column":61}},{"start":{"line":57,"column":65},"end":{"line":57,"column":85}}],"line":57},"11":{"loc":{"start":{"line":64,"column":4},"end":{"line":85,"column":5}},"type":"if","locations":[{"start":{"line":64,"column":4},"end":{"line":85,"column":5}},{"start":{"line":75,"column":11},"end":{"line":85,"column":5}}],"line":64},"12":{"loc":{"start":{"line":70,"column":8},"end":{"line":72,"column":9}},"type":"if","locations":[{"start":{"line":70,"column":8},"end":{"line":72,"column":9}},{"start":{},"end":{}}],"line":70},"13":{"loc":{"start":{"line":82,"column":26},"end":{"line":82,"column":46}},"type":"binary-expr","locations":[{"start":{"line":82,"column":26},"end":{"line":82,"column":41}},{"start":{"line":82,"column":45},"end":{"line":82,"column":46}}],"line":82},"14":{"loc":{"start":{"line":100,"column":8},"end":{"line":214,"column":9}},"type":"if","locations":[{"start":{"line":100,"column":8},"end":{"line":214,"column":9}},{"start":{"line":211,"column":15},"end":{"line":214,"column":9}}],"line":100},"15":{"loc":{"start":{"line":100,"column":12},"end":{"line":100,"column":70}},"type":"binary-expr","locations":[{"start":{"line":100,"column":12},"end":{"line":100,"column":16}},{"start":{"line":100,"column":20},"end":{"line":100,"column":45}},{"start":{"line":100,"column":49},"end":{"line":100,"column":70}}],"line":100},"16":{"loc":{"start":{"line":103,"column":12},"end":{"line":112,"column":13}},"type":"if","locations":[{"start":{"line":103,"column":12},"end":{"line":112,"column":13}},{"start":{},"end":{}}],"line":103},"17":{"loc":{"start":{"line":116,"column":12},"end":{"line":118,"column":13}},"type":"if","locations":[{"start":{"line":116,"column":12},"end":{"line":118,"column":13}},{"start":{},"end":{}}],"line":116},"18":{"loc":{"start":{"line":132,"column":16},"end":{"line":132,"column":49}},"type":"if","locations":[{"start":{"line":132,"column":16},"end":{"line":132,"column":49}},{"start":{},"end":{}}],"line":132},"19":{"loc":{"start":{"line":136,"column":16},"end":{"line":163,"column":17}},"type":"if","locations":[{"start":{"line":136,"column":16},"end":{"line":163,"column":17}},{"start":{"line":159,"column":23},"end":{"line":163,"column":17}}],"line":136},"20":{"loc":{"start":{"line":136,"column":20},"end":{"line":136,"column":50}},"type":"binary-expr","locations":[{"start":{"line":136,"column":20},"end":{"line":136,"column":31}},{"start":{"line":136,"column":35},"end":{"line":136,"column":50}}],"line":136},"21":{"loc":{"start":{"line":138,"column":20},"end":{"line":146,"column":21}},"type":"if","locations":[{"start":{"line":138,"column":20},"end":{"line":146,"column":21}},{"start":{},"end":{}}],"line":138},"22":{"loc":{"start":{"line":150,"column":20},"end":{"line":158,"column":21}},"type":"if","locations":[{"start":{"line":150,"column":20},"end":{"line":158,"column":21}},{"start":{},"end":{}}],"line":150},"23":{"loc":{"start":{"line":159,"column":23},"end":{"line":163,"column":17}},"type":"if","locations":[{"start":{"line":159,"column":23},"end":{"line":163,"column":17}},{"start":{"line":161,"column":23},"end":{"line":163,"column":17}}],"line":159},"24":{"loc":{"start":{"line":170,"column":20},"end":{"line":170,"column":54}},"type":"if","locations":[{"start":{"line":170,"column":20},"end":{"line":170,"column":54}},{"start":{},"end":{}}],"line":170},"25":{"loc":{"start":{"line":173,"column":20},"end":{"line":173,"column":61}},"type":"if","locations":[{"start":{"line":173,"column":20},"end":{"line":173,"column":61}},{"start":{},"end":{}}],"line":173},"26":{"loc":{"start":{"line":178,"column":20},"end":{"line":189,"column":21}},"type":"if","locations":[{"start":{"line":178,"column":20},"end":{"line":189,"column":21}},{"start":{"line":187,"column":27},"end":{"line":189,"column":21}}],"line":178},"27":{"loc":{"start":{"line":178,"column":24},"end":{"line":178,"column":124}},"type":"binary-expr","locations":[{"start":{"line":178,"column":24},"end":{"line":178,"column":45}},{"start":{"line":178,"column":49},"end":{"line":178,"column":68}},{"start":{"line":178,"column":72},"end":{"line":178,"column":97}},{"start":{"line":178,"column":101},"end":{"line":178,"column":124}}],"line":178},"28":{"loc":{"start":{"line":195,"column":16},"end":{"line":195,"column":103}},"type":"if","locations":[{"start":{"line":195,"column":16},"end":{"line":195,"column":103}},{"start":{},"end":{}}],"line":195},"29":{"loc":{"start":{"line":204,"column":67},"end":{"line":204,"column":94}},"type":"binary-expr","locations":[{"start":{"line":204,"column":67},"end":{"line":204,"column":85}},{"start":{"line":204,"column":89},"end":{"line":204,"column":94}}],"line":204},"30":{"loc":{"start":{"line":218,"column":8},"end":{"line":223,"column":9}},"type":"if","locations":[{"start":{"line":218,"column":8},"end":{"line":223,"column":9}},{"start":{},"end":{}}],"line":218},"31":{"loc":{"start":{"line":220,"column":12},"end":{"line":222,"column":13}},"type":"if","locations":[{"start":{"line":220,"column":12},"end":{"line":222,"column":13}},{"start":{},"end":{}}],"line":220}},"s":{"0":2,"1":2,"2":0,"3":0,"4":0,"5":0,"6":2,"7":0,"8":0,"9":0,"10":0,"11":0,"12":0,"13":0,"14":0,"15":0,"16":0,"17":0,"18":0,"19":0,"20":0,"21":0,"22":0,"23":0,"24":0,"25":0,"26":0,"27":0,"28":0,"29":0,"30":0,"31":0,"32":0,"33":0,"34":0,"35":0,"36":0,"37":0,"38":0,"39":0,"40":0,"41":2,"42":0,"43":0,"44":0,"45":0,"46":0,"47":0,"48":0,"49":0,"50":0,"51":0,"52":0,"53":0,"54":0,"55":0,"56":0,"57":0,"58":0,"59":0,"60":0,"61":0,"62":0,"63":0,"64":0,"65":0,"66":0,"67":0,"68":0,"69":0,"70":0,"71":0,"72":0,"73":0,"74":0,"75":0,"76":0,"77":0,"78":0,"79":0,"80":0,"81":0,"82":0,"83":0,"84":0,"85":0,"86":0,"87":0,"88":0,"89":0,"90":0,"91":0,"92":0,"93":0,"94":0,"95":0,"96":0,"97":0,"98":0,"99":0,"100":0,"101":0,"102":0,"103":0,"104":0},"f":{"0":0,"1":0,"2":0,"3":0,"4":0,"5":0},"b":{"0":[0,0],"1":[0,0],"2":[0,0,0],"3":[0,0],"4":[0,0,0,0],"5":[0,0],"6":[0,0,0],"7":[0,0],"8":[0,0,0],"9":[0,0],"10":[0,0,0],"11":[0,0],"12":[0,0],"13":[0,0],"14":[0,0],"15":[0,0,0],"16":[0,0],"17":[0,0],"18":[0,0],"19":[0,0],"20":[0,0],"21":[0,0],"22":[0,0],"23":[0,0],"24":[0,0],"25":[0,0],"26":[0,0],"27":[0,0,0,0],"28":[0,0],"29":[0,0],"30":[0,0],"31":[0,0]},"_coverageSchema":"1a1c01bbd47fc00a2c39e90264f33305004495a9","hash":"dcdc5fb4b7913ab465702ad46e177e1f4fa7f609"}
,"C:\\Respaldo Jhosber\\Proyectos\\Label\\backend\\controllers\\productController.js": {"path":"C:\\Respaldo Jhosber\\Proyectos\\Label\\backend\\controllers\\productController.js","statementMap":{"0":{"start":{"line":11,"column":27},"end":{"line":101,"column":2}},"1":{"start":{"line":12,"column":19},"end":{"line":12,"column":30}},"2":{"start":{"line":13,"column":113},"end":{"line":13,"column":122}},"3":{"start":{"line":15,"column":18},"end":{"line":15,"column":34}},"4":{"start":{"line":17,"column":4},"end":{"line":33,"column":5}},"5":{"start":{"line":18,"column":8},"end":{"line":32,"column":10}},"6":{"start":{"line":35,"column":4},"end":{"line":37,"column":5}},"7":{"start":{"line":36,"column":8},"end":{"line":36,"column":34}},"8":{"start":{"line":38,"column":4},"end":{"line":40,"column":5}},"9":{"start":{"line":39,"column":8},"end":{"line":39,"column":28}},"10":{"start":{"line":41,"column":4},"end":{"line":43,"column":5}},"11":{"start":{"line":42,"column":8},"end":{"line":42,"column":34}},"12":{"start":{"line":44,"column":4},"end":{"line":46,"column":5}},"13":{"start":{"line":45,"column":8},"end":{"line":45,"column":47}},"14":{"start":{"line":47,"column":4},"end":{"line":49,"column":5}},"15":{"start":{"line":48,"column":8},"end":{"line":48,"column":45}},"16":{"start":{"line":51,"column":20},"end":{"line":51,"column":39}},"17":{"start":{"line":52,"column":21},"end":{"line":52,"column":42}},"18":{"start":{"line":53,"column":17},"end":{"line":53,"column":41}},"19":{"start":{"line":55,"column":22},"end":{"line":55,"column":24}},"20":{"start":{"line":56,"column":4},"end":{"line":82,"column":5}},"21":{"start":{"line":57,"column":22},"end":{"line":57,"column":51}},"22":{"start":{"line":58,"column":8},"end":{"line":79,"column":9}},"23":{"start":{"line":60,"column":16},"end":{"line":60,"column":41}},"24":{"start":{"line":61,"column":16},"end":{"line":61,"column":22}},"25":{"start":{"line":63,"column":16},"end":{"line":63,"column":42}},"26":{"start":{"line":64,"column":16},"end":{"line":64,"column":22}},"27":{"start":{"line":66,"column":16},"end":{"line":66,"column":42}},"28":{"start":{"line":67,"column":16},"end":{"line":67,"column":22}},"29":{"start":{"line":69,"column":16},"end":{"line":69,"column":45}},"30":{"start":{"line":70,"column":16},"end":{"line":70,"column":22}},"31":{"start":{"line":72,"column":16},"end":{"line":72,"column":42}},"32":{"start":{"line":73,"column":16},"end":{"line":73,"column":22}},"33":{"start":{"line":75,"column":16},"end":{"line":75,"column":46}},"34":{"start":{"line":76,"column":16},"end":{"line":76,"column":22}},"35":{"start":{"line":78,"column":16},"end":{"line":78,"column":43}},"36":{"start":{"line":81,"column":8},"end":{"line":81,"column":35}},"37":{"start":{"line":84,"column":21},"end":{"line":87,"column":24}},"38":{"start":{"line":89,"column":26},"end":{"line":89,"column":61}},"39":{"start":{"line":90,"column":23},"end":{"line":90,"column":58}},"40":{"start":{"line":92,"column":4},"end":{"line":100,"column":7}},"41":{"start":{"line":106,"column":26},"end":{"line":120,"column":2}},"42":{"start":{"line":107,"column":20},"end":{"line":107,"column":57}},"43":{"start":{"line":109,"column":4},"end":{"line":112,"column":5}},"44":{"start":{"line":110,"column":8},"end":{"line":110,"column":24}},"45":{"start":{"line":111,"column":8},"end":{"line":111,"column":45}},"46":{"start":{"line":114,"column":4},"end":{"line":117,"column":5}},"47":{"start":{"line":115,"column":8},"end":{"line":115,"column":24}},"48":{"start":{"line":116,"column":8},"end":{"line":116,"column":63}},"49":{"start":{"line":119,"column":4},"end":{"line":119,"column":34}},"50":{"start":{"line":125,"column":29},"end":{"line":338,"column":2}},"51":{"start":{"line":151,"column":8},"end":{"line":151,"column":16}},"52":{"start":{"line":153,"column":4},"end":{"line":337,"column":5}},"53":{"start":{"line":157,"column":28},"end":{"line":157,"column":77}},"54":{"start":{"line":159,"column":4},"end":{"line":162,"column":5}},"55":{"start":{"line":160,"column":8},"end":{"line":160,"column":24}},"56":{"start":{"line":161,"column":8},"end":{"line":161,"column":136}},"57":{"start":{"line":165,"column":31},"end":{"line":165,"column":57}},"58":{"start":{"line":169,"column":35},"end":{"line":169,"column":137}},"59":{"start":{"line":173,"column":4},"end":{"line":202,"column":5}},"60":{"start":{"line":174,"column":8},"end":{"line":177,"column":9}},"61":{"start":{"line":175,"column":12},"end":{"line":175,"column":28}},"62":{"start":{"line":176,"column":12},"end":{"line":176,"column":115}},"63":{"start":{"line":178,"column":8},"end":{"line":181,"column":9}},"64":{"start":{"line":179,"column":12},"end":{"line":179,"column":28}},"65":{"start":{"line":180,"column":12},"end":{"line":180,"column":72}},"66":{"start":{"line":182,"column":8},"end":{"line":185,"column":9}},"67":{"start":{"line":183,"column":12},"end":{"line":183,"column":28}},"68":{"start":{"line":184,"column":12},"end":{"line":184,"column":68}},"69":{"start":{"line":187,"column":8},"end":{"line":201,"column":9}},"70":{"start":{"line":188,"column":12},"end":{"line":191,"column":13}},"71":{"start":{"line":189,"column":16},"end":{"line":189,"column":32}},"72":{"start":{"line":190,"column":16},"end":{"line":190,"column":98}},"73":{"start":{"line":192,"column":12},"end":{"line":195,"column":13}},"74":{"start":{"line":193,"column":16},"end":{"line":193,"column":32}},"75":{"start":{"line":194,"column":16},"end":{"line":194,"column":79}},"76":{"start":{"line":196,"column":12},"end":{"line":199,"column":13}},"77":{"start":{"line":197,"column":16},"end":{"line":197,"column":32}},"78":{"start":{"line":198,"column":16},"end":{"line":198,"column":80}},"79":{"start":{"line":205,"column":35},"end":{"line":205,"column":39}},"80":{"start":{"line":206,"column":4},"end":{"line":224,"column":5}},"81":{"start":{"line":207,"column":8},"end":{"line":213,"column":10}},"82":{"start":{"line":215,"column":8},"end":{"line":218,"column":9}},"83":{"start":{"line":216,"column":12},"end":{"line":216,"column":28}},"84":{"start":{"line":217,"column":12},"end":{"line":217,"column":162}},"85":{"start":{"line":220,"column":8},"end":{"line":223,"column":9}},"86":{"start":{"line":221,"column":12},"end":{"line":221,"column":28}},"87":{"start":{"line":222,"column":12},"end":{"line":222,"column":90}},"88":{"start":{"line":227,"column":30},"end":{"line":260,"column":11}},"89":{"start":{"line":228,"column":32},"end":{"line":228,"column":84}},"90":{"start":{"line":231,"column":39},"end":{"line":237,"column":9}},"91":{"start":{"line":239,"column":8},"end":{"line":244,"column":9}},"92":{"start":{"line":241,"column":12},"end":{"line":241,"column":123}},"93":{"start":{"line":243,"column":12},"end":{"line":243,"column":110}},"94":{"start":{"line":245,"column":8},"end":{"line":247,"column":9}},"95":{"start":{"line":246,"column":12},"end":{"line":246,"column":145}},"96":{"start":{"line":249,"column":8},"end":{"line":259,"column":10}},"97":{"start":{"line":262,"column":26},"end":{"line":288,"column":5}},"98":{"start":{"line":290,"column":24},"end":{"line":290,"column":59}},"99":{"start":{"line":293,"column":8},"end":{"line":323,"column":9}},"100":{"start":{"line":294,"column":12},"end":{"line":310,"column":13}},"101":{"start":{"line":295,"column":16},"end":{"line":309,"column":17}},"102":{"start":{"line":296,"column":20},"end":{"line":308,"column":23}},"103":{"start":{"line":311,"column":15},"end":{"line":323,"column":9}},"104":{"start":{"line":312,"column":12},"end":{"line":322,"column":15}},"105":{"start":{"line":326,"column":8},"end":{"line":326,"column":38}},"106":{"start":{"line":328,"column":8},"end":{"line":328,"column":56}},"107":{"start":{"line":329,"column":8},"end":{"line":332,"column":9}},"108":{"start":{"line":330,"column":29},"end":{"line":330,"column":80}},"109":{"start":{"line":330,"column":68},"end":{"line":330,"column":79}},"110":{"start":{"line":331,"column":12},"end":{"line":331,"column":74}},"111":{"start":{"line":333,"column":8},"end":{"line":335,"column":9}},"112":{"start":{"line":334,"column":12},"end":{"line":334,"column":120}},"113":{"start":{"line":336,"column":8},"end":{"line":336,"column":85}},"114":{"start":{"line":344,"column":29},"end":{"line":599,"column":2}},"115":{"start":{"line":345,"column":19},"end":{"line":345,"column":29}},"116":{"start":{"line":371,"column":8},"end":{"line":371,"column":16}},"117":{"start":{"line":373,"column":4},"end":{"line":598,"column":5}},"118":{"start":{"line":375,"column":20},"end":{"line":375,"column":46}},"119":{"start":{"line":377,"column":4},"end":{"line":380,"column":5}},"120":{"start":{"line":378,"column":8},"end":{"line":378,"column":24}},"121":{"start":{"line":379,"column":8},"end":{"line":379,"column":45}},"122":{"start":{"line":382,"column":4},"end":{"line":385,"column":5}},"123":{"start":{"line":383,"column":8},"end":{"line":383,"column":24}},"124":{"start":{"line":384,"column":8},"end":{"line":384,"column":65}},"125":{"start":{"line":388,"column":28},"end":{"line":388,"column":77}},"126":{"start":{"line":390,"column":4},"end":{"line":393,"column":5}},"127":{"start":{"line":391,"column":8},"end":{"line":391,"column":24}},"128":{"start":{"line":392,"column":8},"end":{"line":392,"column":136}},"129":{"start":{"line":396,"column":31},"end":{"line":396,"column":57}},"130":{"start":{"line":399,"column":35},"end":{"line":399,"column":137}},"131":{"start":{"line":402,"column":4},"end":{"line":430,"column":5}},"132":{"start":{"line":403,"column":8},"end":{"line":406,"column":9}},"133":{"start":{"line":404,"column":12},"end":{"line":404,"column":28}},"134":{"start":{"line":405,"column":12},"end":{"line":405,"column":115}},"135":{"start":{"line":407,"column":8},"end":{"line":410,"column":9}},"136":{"start":{"line":408,"column":12},"end":{"line":408,"column":28}},"137":{"start":{"line":409,"column":12},"end":{"line":409,"column":72}},"138":{"start":{"line":411,"column":8},"end":{"line":414,"column":9}},"139":{"start":{"line":412,"column":12},"end":{"line":412,"column":28}},"140":{"start":{"line":413,"column":12},"end":{"line":413,"column":68}},"141":{"start":{"line":416,"column":8},"end":{"line":429,"column":9}},"142":{"start":{"line":417,"column":12},"end":{"line":420,"column":13}},"143":{"start":{"line":418,"column":16},"end":{"line":418,"column":32}},"144":{"start":{"line":419,"column":16},"end":{"line":419,"column":98}},"145":{"start":{"line":421,"column":12},"end":{"line":424,"column":13}},"146":{"start":{"line":422,"column":16},"end":{"line":422,"column":32}},"147":{"start":{"line":423,"column":16},"end":{"line":423,"column":79}},"148":{"start":{"line":425,"column":12},"end":{"line":428,"column":13}},"149":{"start":{"line":426,"column":16},"end":{"line":426,"column":32}},"150":{"start":{"line":427,"column":16},"end":{"line":427,"column":80}},"151":{"start":{"line":433,"column":35},"end":{"line":433,"column":39}},"152":{"start":{"line":434,"column":4},"end":{"line":451,"column":5}},"153":{"start":{"line":435,"column":8},"end":{"line":441,"column":10}},"154":{"start":{"line":443,"column":8},"end":{"line":446,"column":9}},"155":{"start":{"line":444,"column":12},"end":{"line":444,"column":28}},"156":{"start":{"line":445,"column":12},"end":{"line":445,"column":162}},"157":{"start":{"line":447,"column":8},"end":{"line":450,"column":9}},"158":{"start":{"line":448,"column":12},"end":{"line":448,"column":28}},"159":{"start":{"line":449,"column":12},"end":{"line":449,"column":90}},"160":{"start":{"line":454,"column":30},"end":{"line":485,"column":11}},"161":{"start":{"line":455,"column":32},"end":{"line":455,"column":84}},"162":{"start":{"line":458,"column":39},"end":{"line":464,"column":9}},"163":{"start":{"line":466,"column":8},"end":{"line":469,"column":9}},"164":{"start":{"line":467,"column":12},"end":{"line":467,"column":123}},"165":{"start":{"line":468,"column":12},"end":{"line":468,"column":110}},"166":{"start":{"line":470,"column":8},"end":{"line":472,"column":9}},"167":{"start":{"line":471,"column":12},"end":{"line":471,"column":145}},"168":{"start":{"line":474,"column":8},"end":{"line":484,"column":10}},"169":{"start":{"line":487,"column":4},"end":{"line":487,"column":24}},"170":{"start":{"line":488,"column":4},"end":{"line":488,"column":38}},"171":{"start":{"line":489,"column":4},"end":{"line":489,"column":32}},"172":{"start":{"line":490,"column":4},"end":{"line":490,"column":26}},"173":{"start":{"line":491,"column":4},"end":{"line":491,"column":32}},"174":{"start":{"line":492,"column":4},"end":{"line":492,"column":38}},"175":{"start":{"line":494,"column":4},"end":{"line":494,"column":22}},"176":{"start":{"line":495,"column":4},"end":{"line":495,"column":34}},"177":{"start":{"line":496,"column":4},"end":{"line":496,"column":42}},"178":{"start":{"line":497,"column":4},"end":{"line":497,"column":42}},"179":{"start":{"line":498,"column":4},"end":{"line":498,"column":26}},"180":{"start":{"line":499,"column":4},"end":{"line":499,"column":24}},"181":{"start":{"line":500,"column":4},"end":{"line":500,"column":32}},"182":{"start":{"line":501,"column":4},"end":{"line":501,"column":49}},"183":{"start":{"line":502,"column":4},"end":{"line":502,"column":61}},"184":{"start":{"line":503,"column":4},"end":{"line":503,"column":59}},"185":{"start":{"line":504,"column":4},"end":{"line":504,"column":55}},"186":{"start":{"line":507,"column":4},"end":{"line":507,"column":45}},"187":{"start":{"line":510,"column":4},"end":{"line":510,"column":73}},"188":{"start":{"line":511,"column":4},"end":{"line":511,"column":73}},"189":{"start":{"line":512,"column":4},"end":{"line":512,"column":73}},"190":{"start":{"line":513,"column":4},"end":{"line":513,"column":106}},"191":{"start":{"line":514,"column":4},"end":{"line":514,"column":54}},"192":{"start":{"line":516,"column":4},"end":{"line":516,"column":41}},"193":{"start":{"line":519,"column":23},"end":{"line":519,"column":56}},"194":{"start":{"line":520,"column":27},"end":{"line":520,"column":47}},"195":{"start":{"line":522,"column":4},"end":{"line":584,"column":5}},"196":{"start":{"line":523,"column":8},"end":{"line":583,"column":9}},"197":{"start":{"line":525,"column":12},"end":{"line":547,"column":13}},"198":{"start":{"line":526,"column":35},"end":{"line":526,"column":77}},"199":{"start":{"line":528,"column":16},"end":{"line":546,"column":17}},"200":{"start":{"line":529,"column":41},"end":{"line":529,"column":90}},"201":{"start":{"line":530,"column":41},"end":{"line":530,"column":95}},"202":{"start":{"line":531,"column":35},"end":{"line":531,"column":47}},"203":{"start":{"line":533,"column":20},"end":{"line":545,"column":23}},"204":{"start":{"line":549,"column":12},"end":{"line":565,"column":13}},"205":{"start":{"line":550,"column":16},"end":{"line":564,"column":17}},"206":{"start":{"line":550,"column":52},"end":{"line":550,"column":81}},"207":{"start":{"line":551,"column":20},"end":{"line":563,"column":23}},"208":{"start":{"line":566,"column":15},"end":{"line":583,"column":9}},"209":{"start":{"line":568,"column":33},"end":{"line":568,"column":82}},"210":{"start":{"line":569,"column":33},"end":{"line":569,"column":87}},"211":{"start":{"line":570,"column":27},"end":{"line":570,"column":39}},"212":{"start":{"line":572,"column":12},"end":{"line":582,"column":15}},"213":{"start":{"line":587,"column":8},"end":{"line":587,"column":45}},"214":{"start":{"line":589,"column":8},"end":{"line":589,"column":56}},"215":{"start":{"line":590,"column":8},"end":{"line":593,"column":9}},"216":{"start":{"line":591,"column":29},"end":{"line":591,"column":80}},"217":{"start":{"line":591,"column":68},"end":{"line":591,"column":79}},"218":{"start":{"line":592,"column":12},"end":{"line":592,"column":74}},"219":{"start":{"line":594,"column":8},"end":{"line":596,"column":9}},"220":{"start":{"line":595,"column":12},"end":{"line":595,"column":120}},"221":{"start":{"line":597,"column":8},"end":{"line":597,"column":85}},"222":{"start":{"line":604,"column":35},"end":{"line":662,"column":2}},"223":{"start":{"line":605,"column":19},"end":{"line":605,"column":30}},"224":{"start":{"line":607,"column":33},"end":{"line":610,"column":6}},"225":{"start":{"line":612,"column":36},"end":{"line":634,"column":6}},"226":{"start":{"line":636,"column":29},"end":{"line":636,"column":31}},"227":{"start":{"line":638,"column":4},"end":{"line":648,"column":7}},"228":{"start":{"line":639,"column":8},"end":{"line":647,"column":11}},"229":{"start":{"line":650,"column":4},"end":{"line":659,"column":7}},"230":{"start":{"line":651,"column":8},"end":{"line":658,"column":11}},"231":{"start":{"line":661,"column":4},"end":{"line":661,"column":43}},"232":{"start":{"line":667,"column":36},"end":{"line":730,"column":2}},"233":{"start":{"line":668,"column":19},"end":{"line":668,"column":30}},"234":{"start":{"line":670,"column":34},"end":{"line":673,"column":6}},"235":{"start":{"line":675,"column":37},"end":{"line":701,"column":6}},"236":{"start":{"line":703,"column":30},"end":{"line":703,"column":32}},"237":{"start":{"line":705,"column":4},"end":{"line":716,"column":7}},"238":{"start":{"line":706,"column":8},"end":{"line":715,"column":11}},"239":{"start":{"line":718,"column":4},"end":{"line":727,"column":7}},"240":{"start":{"line":719,"column":8},"end":{"line":726,"column":11}},"241":{"start":{"line":729,"column":4},"end":{"line":729,"column":44}},"242":{"start":{"line":736,"column":29},"end":{"line":752,"column":2}},"243":{"start":{"line":737,"column":20},"end":{"line":737,"column":57}},"244":{"start":{"line":739,"column":4},"end":{"line":742,"column":5}},"245":{"start":{"line":740,"column":8},"end":{"line":740,"column":24}},"246":{"start":{"line":741,"column":8},"end":{"line":741,"column":45}},"247":{"start":{"line":744,"column":4},"end":{"line":747,"column":5}},"248":{"start":{"line":745,"column":8},"end":{"line":745,"column":24}},"249":{"start":{"line":746,"column":8},"end":{"line":746,"column":65}},"250":{"start":{"line":749,"column":4},"end":{"line":749,"column":30}},"251":{"start":{"line":751,"column":4},"end":{"line":751,"column":57}},"252":{"start":{"line":757,"column":41},"end":{"line":808,"column":2}},"253":{"start":{"line":758,"column":19},"end":{"line":758,"column":30}},"254":{"start":{"line":760,"column":19},"end":{"line":805,"column":6}},"255":{"start":{"line":807,"column":4},"end":{"line":807,"column":33}}},"fnMap":{"0":{"name":"(anonymous_0)","decl":{"start":{"line":11,"column":40},"end":{"line":11,"column":41}},"loc":{"start":{"line":11,"column":60},"end":{"line":101,"column":1}},"line":11},"1":{"name":"(anonymous_1)","decl":{"start":{"line":106,"column":39},"end":{"line":106,"column":40}},"loc":{"start":{"line":106,"column":59},"end":{"line":120,"column":1}},"line":106},"2":{"name":"(anonymous_2)","decl":{"start":{"line":125,"column":42},"end":{"line":125,"column":43}},"loc":{"start":{"line":125,"column":62},"end":{"line":338,"column":1}},"line":125},"3":{"name":"(anonymous_3)","decl":{"start":{"line":227,"column":54},"end":{"line":227,"column":55}},"loc":{"start":{"line":227,"column":65},"end":{"line":260,"column":5}},"line":227},"4":{"name":"(anonymous_4)","decl":{"start":{"line":330,"column":61},"end":{"line":330,"column":62}},"loc":{"start":{"line":330,"column":68},"end":{"line":330,"column":79}},"line":330},"5":{"name":"(anonymous_5)","decl":{"start":{"line":344,"column":42},"end":{"line":344,"column":43}},"loc":{"start":{"line":344,"column":62},"end":{"line":599,"column":1}},"line":344},"6":{"name":"(anonymous_6)","decl":{"start":{"line":454,"column":54},"end":{"line":454,"column":55}},"loc":{"start":{"line":454,"column":65},"end":{"line":485,"column":5}},"line":454},"7":{"name":"(anonymous_7)","decl":{"start":{"line":550,"column":46},"end":{"line":550,"column":47}},"loc":{"start":{"line":550,"column":52},"end":{"line":550,"column":81}},"line":550},"8":{"name":"(anonymous_8)","decl":{"start":{"line":591,"column":61},"end":{"line":591,"column":62}},"loc":{"start":{"line":591,"column":68},"end":{"line":591,"column":79}},"line":591},"9":{"name":"(anonymous_9)","decl":{"start":{"line":604,"column":48},"end":{"line":604,"column":49}},"loc":{"start":{"line":604,"column":68},"end":{"line":662,"column":1}},"line":604},"10":{"name":"(anonymous_10)","decl":{"start":{"line":638,"column":33},"end":{"line":638,"column":34}},"loc":{"start":{"line":638,"column":38},"end":{"line":648,"column":5}},"line":638},"11":{"name":"(anonymous_11)","decl":{"start":{"line":650,"column":36},"end":{"line":650,"column":37}},"loc":{"start":{"line":650,"column":41},"end":{"line":659,"column":5}},"line":650},"12":{"name":"(anonymous_12)","decl":{"start":{"line":667,"column":49},"end":{"line":667,"column":50}},"loc":{"start":{"line":667,"column":69},"end":{"line":730,"column":1}},"line":667},"13":{"name":"(anonymous_13)","decl":{"start":{"line":705,"column":34},"end":{"line":705,"column":35}},"loc":{"start":{"line":705,"column":39},"end":{"line":716,"column":5}},"line":705},"14":{"name":"(anonymous_14)","decl":{"start":{"line":718,"column":37},"end":{"line":718,"column":38}},"loc":{"start":{"line":718,"column":42},"end":{"line":727,"column":5}},"line":718},"15":{"name":"(anonymous_15)","decl":{"start":{"line":736,"column":42},"end":{"line":736,"column":43}},"loc":{"start":{"line":736,"column":62},"end":{"line":752,"column":1}},"line":736},"16":{"name":"(anonymous_16)","decl":{"start":{"line":757,"column":54},"end":{"line":757,"column":55}},"loc":{"start":{"line":757,"column":74},"end":{"line":808,"column":1}},"line":757}},"branchMap":{"0":{"loc":{"start":{"line":17,"column":4},"end":{"line":33,"column":5}},"type":"if","locations":[{"start":{"line":17,"column":4},"end":{"line":33,"column":5}},{"start":{},"end":{}}],"line":17},"1":{"loc":{"start":{"line":35,"column":4},"end":{"line":37,"column":5}},"type":"if","locations":[{"start":{"line":35,"column":4},"end":{"line":37,"column":5}},{"start":{},"end":{}}],"line":35},"2":{"loc":{"start":{"line":35,"column":8},"end":{"line":35,"column":55}},"type":"binary-expr","locations":[{"start":{"line":35,"column":8},"end":{"line":35,"column":16}},{"start":{"line":35,"column":20},"end":{"line":35,"column":55}}],"line":35},"3":{"loc":{"start":{"line":38,"column":4},"end":{"line":40,"column":5}},"type":"if","locations":[{"start":{"line":38,"column":4},"end":{"line":40,"column":5}},{"start":{},"end":{}}],"line":38},"4":{"loc":{"start":{"line":38,"column":8},"end":{"line":38,"column":45}},"type":"binary-expr","locations":[{"start":{"line":38,"column":8},"end":{"line":38,"column":13}},{"start":{"line":38,"column":17},"end":{"line":38,"column":45}}],"line":38},"5":{"loc":{"start":{"line":41,"column":4},"end":{"line":43,"column":5}},"type":"if","locations":[{"start":{"line":41,"column":4},"end":{"line":43,"column":5}},{"start":{},"end":{}}],"line":41},"6":{"loc":{"start":{"line":41,"column":8},"end":{"line":41,"column":56}},"type":"binary-expr","locations":[{"start":{"line":41,"column":8},"end":{"line":41,"column":16}},{"start":{"line":41,"column":20},"end":{"line":41,"column":56}}],"line":41},"7":{"loc":{"start":{"line":44,"column":4},"end":{"line":46,"column":5}},"type":"if","locations":[{"start":{"line":44,"column":4},"end":{"line":46,"column":5}},{"start":{},"end":{}}],"line":44},"8":{"loc":{"start":{"line":44,"column":8},"end":{"line":44,"column":60}},"type":"binary-expr","locations":[{"start":{"line":44,"column":8},"end":{"line":44,"column":20}},{"start":{"line":44,"column":24},"end":{"line":44,"column":60}}],"line":44},"9":{"loc":{"start":{"line":47,"column":4},"end":{"line":49,"column":5}},"type":"if","locations":[{"start":{"line":47,"column":4},"end":{"line":49,"column":5}},{"start":{},"end":{}}],"line":47},"10":{"loc":{"start":{"line":47,"column":8},"end":{"line":47,"column":57}},"type":"binary-expr","locations":[{"start":{"line":47,"column":8},"end":{"line":47,"column":19}},{"start":{"line":47,"column":23},"end":{"line":47,"column":57}}],"line":47},"11":{"loc":{"start":{"line":51,"column":20},"end":{"line":51,"column":39}},"type":"binary-expr","locations":[{"start":{"line":51,"column":20},"end":{"line":51,"column":34}},{"start":{"line":51,"column":38},"end":{"line":51,"column":39}}],"line":51},"12":{"loc":{"start":{"line":52,"column":21},"end":{"line":52,"column":42}},"type":"binary-expr","locations":[{"start":{"line":52,"column":21},"end":{"line":52,"column":36}},{"start":{"line":52,"column":40},"end":{"line":52,"column":42}}],"line":52},"13":{"loc":{"start":{"line":56,"column":4},"end":{"line":82,"column":5}},"type":"if","locations":[{"start":{"line":56,"column":4},"end":{"line":82,"column":5}},{"start":{"line":80,"column":11},"end":{"line":82,"column":5}}],"line":56},"14":{"loc":{"start":{"line":57,"column":22},"end":{"line":57,"column":51}},"type":"cond-expr","locations":[{"start":{"line":57,"column":45},"end":{"line":57,"column":47}},{"start":{"line":57,"column":50},"end":{"line":57,"column":51}}],"line":57},"15":{"loc":{"start":{"line":58,"column":8},"end":{"line":79,"column":9}},"type":"switch","locations":[{"start":{"line":59,"column":12},"end":{"line":61,"column":22}},{"start":{"line":62,"column":12},"end":{"line":64,"column":22}},{"start":{"line":65,"column":12},"end":{"line":67,"column":22}},{"start":{"line":68,"column":12},"end":{"line":70,"column":22}},{"start":{"line":71,"column":12},"end":{"line":73,"column":22}},{"start":{"line":74,"column":12},"end":{"line":76,"column":22}},{"start":{"line":77,"column":12},"end":{"line":78,"column":43}}],"line":58},"16":{"loc":{"start":{"line":109,"column":4},"end":{"line":112,"column":5}},"type":"if","locations":[{"start":{"line":109,"column":4},"end":{"line":112,"column":5}},{"start":{},"end":{}}],"line":109},"17":{"loc":{"start":{"line":114,"column":4},"end":{"line":117,"column":5}},"type":"if","locations":[{"start":{"line":114,"column":4},"end":{"line":117,"column":5}},{"start":{},"end":{}}],"line":114},"18":{"loc":{"start":{"line":159,"column":4},"end":{"line":162,"column":5}},"type":"if","locations":[{"start":{"line":159,"column":4},"end":{"line":162,"column":5}},{"start":{},"end":{}}],"line":159},"19":{"loc":{"start":{"line":169,"column":35},"end":{"line":169,"column":137}},"type":"cond-expr","locations":[{"start":{"line":169,"column":68},"end":{"line":169,"column":92}},{"start":{"line":169,"column":95},"end":{"line":169,"column":137}}],"line":169},"20":{"loc":{"start":{"line":173,"column":4},"end":{"line":202,"column":5}},"type":"if","locations":[{"start":{"line":173,"column":4},"end":{"line":202,"column":5}},{"start":{"line":186,"column":11},"end":{"line":202,"column":5}}],"line":173},"21":{"loc":{"start":{"line":173,"column":8},"end":{"line":173,"column":42}},"type":"binary-expr","locations":[{"start":{"line":173,"column":8},"end":{"line":173,"column":17}},{"start":{"line":173,"column":21},"end":{"line":173,"column":42}}],"line":173},"22":{"loc":{"start":{"line":174,"column":8},"end":{"line":177,"column":9}},"type":"if","locations":[{"start":{"line":174,"column":8},"end":{"line":177,"column":9}},{"start":{},"end":{}}],"line":174},"23":{"loc":{"start":{"line":174,"column":12},"end":{"line":174,"column":106}},"type":"binary-expr","locations":[{"start":{"line":174,"column":12},"end":{"line":174,"column":17}},{"start":{"line":174,"column":21},"end":{"line":174,"column":30}},{"start":{"line":174,"column":34},"end":{"line":174,"column":53}},{"start":{"line":174,"column":57},"end":{"line":174,"column":80}},{"start":{"line":174,"column":84},"end":{"line":174,"column":88}},{"start":{"line":174,"column":92},"end":{"line":174,"column":106}}],"line":174},"24":{"loc":{"start":{"line":178,"column":8},"end":{"line":181,"column":9}},"type":"if","locations":[{"start":{"line":178,"column":8},"end":{"line":181,"column":9}},{"start":{},"end":{}}],"line":178},"25":{"loc":{"start":{"line":178,"column":12},"end":{"line":178,"column":61}},"type":"binary-expr","locations":[{"start":{"line":178,"column":12},"end":{"line":178,"column":36}},{"start":{"line":178,"column":40},"end":{"line":178,"column":61}}],"line":178},"26":{"loc":{"start":{"line":182,"column":8},"end":{"line":185,"column":9}},"type":"if","locations":[{"start":{"line":182,"column":8},"end":{"line":185,"column":9}},{"start":{},"end":{}}],"line":182},"27":{"loc":{"start":{"line":182,"column":12},"end":{"line":182,"column":53}},"type":"binary-expr","locations":[{"start":{"line":182,"column":12},"end":{"line":182,"column":32}},{"start":{"line":182,"column":36},"end":{"line":182,"column":53}}],"line":182},"28":{"loc":{"start":{"line":188,"column":12},"end":{"line":191,"column":13}},"type":"if","locations":[{"start":{"line":188,"column":12},"end":{"line":191,"column":13}},{"start":{},"end":{}}],"line":188},"29":{"loc":{"start":{"line":188,"column":16},"end":{"line":188,"column":121}},"type":"binary-expr","locations":[{"start":{"line":188,"column":16},"end":{"line":188,"column":29}},{"start":{"line":188,"column":33},"end":{"line":188,"column":60}},{"start":{"line":188,"column":64},"end":{"line":188,"column":95}},{"start":{"line":188,"column":99},"end":{"line":188,"column":121}}],"line":188},"30":{"loc":{"start":{"line":192,"column":12},"end":{"line":195,"column":13}},"type":"if","locations":[{"start":{"line":192,"column":12},"end":{"line":195,"column":13}},{"start":{},"end":{}}],"line":192},"31":{"loc":{"start":{"line":192,"column":16},"end":{"line":192,"column":81}},"type":"binary-expr","locations":[{"start":{"line":192,"column":16},"end":{"line":192,"column":48}},{"start":{"line":192,"column":52},"end":{"line":192,"column":81}}],"line":192},"32":{"loc":{"start":{"line":196,"column":12},"end":{"line":199,"column":13}},"type":"if","locations":[{"start":{"line":196,"column":12},"end":{"line":199,"column":13}},{"start":{},"end":{}}],"line":196},"33":{"loc":{"start":{"line":196,"column":16},"end":{"line":196,"column":73}},"type":"binary-expr","locations":[{"start":{"line":196,"column":16},"end":{"line":196,"column":44}},{"start":{"line":196,"column":48},"end":{"line":196,"column":73}}],"line":196},"34":{"loc":{"start":{"line":206,"column":4},"end":{"line":224,"column":5}},"type":"if","locations":[{"start":{"line":206,"column":4},"end":{"line":224,"column":5}},{"start":{},"end":{}}],"line":206},"35":{"loc":{"start":{"line":206,"column":8},"end":{"line":206,"column":42}},"type":"binary-expr","locations":[{"start":{"line":206,"column":8},"end":{"line":206,"column":17}},{"start":{"line":206,"column":21},"end":{"line":206,"column":42}}],"line":206},"36":{"loc":{"start":{"line":209,"column":12},"end":{"line":209,"column":33}},"type":"binary-expr","locations":[{"start":{"line":209,"column":12},"end":{"line":209,"column":24}},{"start":{"line":209,"column":28},"end":{"line":209,"column":33}}],"line":209},"37":{"loc":{"start":{"line":212,"column":12},"end":{"line":212,"column":33}},"type":"binary-expr","locations":[{"start":{"line":212,"column":12},"end":{"line":212,"column":24}},{"start":{"line":212,"column":28},"end":{"line":212,"column":33}}],"line":212},"38":{"loc":{"start":{"line":215,"column":8},"end":{"line":218,"column":9}},"type":"if","locations":[{"start":{"line":215,"column":8},"end":{"line":218,"column":9}},{"start":{},"end":{}}],"line":215},"39":{"loc":{"start":{"line":220,"column":8},"end":{"line":223,"column":9}},"type":"if","locations":[{"start":{"line":220,"column":8},"end":{"line":223,"column":9}},{"start":{},"end":{}}],"line":220},"40":{"loc":{"start":{"line":227,"column":30},"end":{"line":260,"column":11}},"type":"cond-expr","locations":[{"start":{"line":227,"column":41},"end":{"line":260,"column":6}},{"start":{"line":260,"column":9},"end":{"line":260,"column":11}}],"line":227},"41":{"loc":{"start":{"line":228,"column":32},"end":{"line":228,"column":84}},"type":"binary-expr","locations":[{"start":{"line":228,"column":32},"end":{"line":228,"column":43}},{"start":{"line":228,"column":47},"end":{"line":228,"column":78}},{"start":{"line":228,"column":82},"end":{"line":228,"column":84}}],"line":228},"42":{"loc":{"start":{"line":233,"column":12},"end":{"line":233,"column":33}},"type":"binary-expr","locations":[{"start":{"line":233,"column":12},"end":{"line":233,"column":24}},{"start":{"line":233,"column":28},"end":{"line":233,"column":33}}],"line":233},"43":{"loc":{"start":{"line":234,"column":12},"end":{"line":234,"column":110}},"type":"cond-expr","locations":[{"start":{"line":234,"column":53},"end":{"line":234,"column":85}},{"start":{"line":234,"column":88},"end":{"line":234,"column":110}}],"line":234},"44":{"loc":{"start":{"line":236,"column":12},"end":{"line":236,"column":33}},"type":"binary-expr","locations":[{"start":{"line":236,"column":12},"end":{"line":236,"column":24}},{"start":{"line":236,"column":28},"end":{"line":236,"column":33}}],"line":236},"45":{"loc":{"start":{"line":239,"column":8},"end":{"line":244,"column":9}},"type":"if","locations":[{"start":{"line":239,"column":8},"end":{"line":244,"column":9}},{"start":{},"end":{}}],"line":239},"46":{"loc":{"start":{"line":241,"column":91},"end":{"line":241,"column":118}},"type":"binary-expr","locations":[{"start":{"line":241,"column":91},"end":{"line":241,"column":103}},{"start":{"line":241,"column":107},"end":{"line":241,"column":118}}],"line":241},"47":{"loc":{"start":{"line":243,"column":78},"end":{"line":243,"column":105}},"type":"binary-expr","locations":[{"start":{"line":243,"column":78},"end":{"line":243,"column":90}},{"start":{"line":243,"column":94},"end":{"line":243,"column":105}}],"line":243},"48":{"loc":{"start":{"line":245,"column":8},"end":{"line":247,"column":9}},"type":"if","locations":[{"start":{"line":245,"column":8},"end":{"line":247,"column":9}},{"start":{},"end":{}}],"line":245},"49":{"loc":{"start":{"line":246,"column":65},"end":{"line":246,"column":92}},"type":"binary-expr","locations":[{"start":{"line":246,"column":65},"end":{"line":246,"column":77}},{"start":{"line":246,"column":81},"end":{"line":246,"column":92}}],"line":246},"50":{"loc":{"start":{"line":256,"column":30},"end":{"line":256,"column":67}},"type":"binary-expr","locations":[{"start":{"line":256,"column":30},"end":{"line":256,"column":62}},{"start":{"line":256,"column":66},"end":{"line":256,"column":67}}],"line":256},"51":{"loc":{"start":{"line":257,"column":29},"end":{"line":257,"column":65}},"type":"binary-expr","locations":[{"start":{"line":257,"column":29},"end":{"line":257,"column":60}},{"start":{"line":257,"column":64},"end":{"line":257,"column":65}}],"line":257},"52":{"loc":{"start":{"line":258,"column":27},"end":{"line":258,"column":61}},"type":"binary-expr","locations":[{"start":{"line":258,"column":27},"end":{"line":258,"column":56}},{"start":{"line":258,"column":60},"end":{"line":258,"column":61}}],"line":258},"53":{"loc":{"start":{"line":269,"column":18},"end":{"line":269,"column":32}},"type":"binary-expr","locations":[{"start":{"line":269,"column":18},"end":{"line":269,"column":26}},{"start":{"line":269,"column":30},"end":{"line":269,"column":32}}],"line":269},"54":{"loc":{"start":{"line":270,"column":15},"end":{"line":270,"column":26}},"type":"binary-expr","locations":[{"start":{"line":270,"column":15},"end":{"line":270,"column":20}},{"start":{"line":270,"column":24},"end":{"line":270,"column":26}}],"line":270},"55":{"loc":{"start":{"line":271,"column":14},"end":{"line":271,"column":24}},"type":"binary-expr","locations":[{"start":{"line":271,"column":14},"end":{"line":271,"column":18}},{"start":{"line":271,"column":22},"end":{"line":271,"column":24}}],"line":271},"56":{"loc":{"start":{"line":272,"column":18},"end":{"line":272,"column":32}},"type":"binary-expr","locations":[{"start":{"line":272,"column":18},"end":{"line":272,"column":26}},{"start":{"line":272,"column":30},"end":{"line":272,"column":32}}],"line":272},"57":{"loc":{"start":{"line":280,"column":26},"end":{"line":280,"column":55}},"type":"binary-expr","locations":[{"start":{"line":280,"column":26},"end":{"line":280,"column":50}},{"start":{"line":280,"column":54},"end":{"line":280,"column":55}}],"line":280},"58":{"loc":{"start":{"line":281,"column":25},"end":{"line":281,"column":53}},"type":"binary-expr","locations":[{"start":{"line":281,"column":25},"end":{"line":281,"column":48}},{"start":{"line":281,"column":52},"end":{"line":281,"column":53}}],"line":281},"59":{"loc":{"start":{"line":282,"column":23},"end":{"line":282,"column":49}},"type":"binary-expr","locations":[{"start":{"line":282,"column":23},"end":{"line":282,"column":44}},{"start":{"line":282,"column":48},"end":{"line":282,"column":49}}],"line":282},"60":{"loc":{"start":{"line":283,"column":22},"end":{"line":283,"column":43}},"type":"binary-expr","locations":[{"start":{"line":283,"column":22},"end":{"line":283,"column":34}},{"start":{"line":283,"column":38},"end":{"line":283,"column":43}}],"line":283},"61":{"loc":{"start":{"line":284,"column":22},"end":{"line":284,"column":43}},"type":"binary-expr","locations":[{"start":{"line":284,"column":22},"end":{"line":284,"column":34}},{"start":{"line":284,"column":38},"end":{"line":284,"column":43}}],"line":284},"62":{"loc":{"start":{"line":285,"column":22},"end":{"line":285,"column":43}},"type":"binary-expr","locations":[{"start":{"line":285,"column":22},"end":{"line":285,"column":34}},{"start":{"line":285,"column":38},"end":{"line":285,"column":43}}],"line":285},"63":{"loc":{"start":{"line":286,"column":25},"end":{"line":286,"column":65}},"type":"binary-expr","locations":[{"start":{"line":286,"column":25},"end":{"line":286,"column":40}},{"start":{"line":286,"column":44},"end":{"line":286,"column":56}},{"start":{"line":286,"column":60},"end":{"line":286,"column":65}}],"line":286},"64":{"loc":{"start":{"line":293,"column":8},"end":{"line":323,"column":9}},"type":"if","locations":[{"start":{"line":293,"column":8},"end":{"line":323,"column":9}},{"start":{"line":311,"column":15},"end":{"line":323,"column":9}}],"line":293},"65":{"loc":{"start":{"line":293,"column":12},"end":{"line":293,"column":59}},"type":"binary-expr","locations":[{"start":{"line":293,"column":12},"end":{"line":293,"column":28}},{"start":{"line":293,"column":32},"end":{"line":293,"column":59}}],"line":293},"66":{"loc":{"start":{"line":295,"column":16},"end":{"line":309,"column":17}},"type":"if","locations":[{"start":{"line":295,"column":16},"end":{"line":309,"column":17}},{"start":{},"end":{}}],"line":295},"67":{"loc":{"start":{"line":311,"column":15},"end":{"line":323,"column":9}},"type":"if","locations":[{"start":{"line":311,"column":15},"end":{"line":323,"column":9}},{"start":{},"end":{}}],"line":311},"68":{"loc":{"start":{"line":329,"column":8},"end":{"line":332,"column":9}},"type":"if","locations":[{"start":{"line":329,"column":8},"end":{"line":332,"column":9}},{"start":{},"end":{}}],"line":329},"69":{"loc":{"start":{"line":333,"column":8},"end":{"line":335,"column":9}},"type":"if","locations":[{"start":{"line":333,"column":8},"end":{"line":335,"column":9}},{"start":{},"end":{}}],"line":333},"70":{"loc":{"start":{"line":333,"column":12},"end":{"line":333,"column":76}},"type":"binary-expr","locations":[{"start":{"line":333,"column":12},"end":{"line":333,"column":32}},{"start":{"line":333,"column":36},"end":{"line":333,"column":52}},{"start":{"line":333,"column":56},"end":{"line":333,"column":76}}],"line":333},"71":{"loc":{"start":{"line":377,"column":4},"end":{"line":380,"column":5}},"type":"if","locations":[{"start":{"line":377,"column":4},"end":{"line":380,"column":5}},{"start":{},"end":{}}],"line":377},"72":{"loc":{"start":{"line":382,"column":4},"end":{"line":385,"column":5}},"type":"if","locations":[{"start":{"line":382,"column":4},"end":{"line":385,"column":5}},{"start":{},"end":{}}],"line":382},"73":{"loc":{"start":{"line":390,"column":4},"end":{"line":393,"column":5}},"type":"if","locations":[{"start":{"line":390,"column":4},"end":{"line":393,"column":5}},{"start":{},"end":{}}],"line":390},"74":{"loc":{"start":{"line":399,"column":35},"end":{"line":399,"column":137}},"type":"cond-expr","locations":[{"start":{"line":399,"column":68},"end":{"line":399,"column":92}},{"start":{"line":399,"column":95},"end":{"line":399,"column":137}}],"line":399},"75":{"loc":{"start":{"line":402,"column":4},"end":{"line":430,"column":5}},"type":"if","locations":[{"start":{"line":402,"column":4},"end":{"line":430,"column":5}},{"start":{"line":415,"column":11},"end":{"line":430,"column":5}}],"line":402},"76":{"loc":{"start":{"line":402,"column":8},"end":{"line":402,"column":42}},"type":"binary-expr","locations":[{"start":{"line":402,"column":8},"end":{"line":402,"column":17}},{"start":{"line":402,"column":21},"end":{"line":402,"column":42}}],"line":402},"77":{"loc":{"start":{"line":403,"column":8},"end":{"line":406,"column":9}},"type":"if","locations":[{"start":{"line":403,"column":8},"end":{"line":406,"column":9}},{"start":{},"
[...]
,"C:\\Respaldo Jhosber\\Proyectos\\Label\\backend\\routes\\clientRoutes.js": {"path":"C:\\Respaldo Jhosber\\Proyectos\\Label\\backend\\routes\\clientRoutes.js","statementMap":{"0":{"start":{"line":3,"column":15},"end":{"line":3,"column":31}},"1":{"start":{"line":14,"column":0},"end":{"line":14,"column":71}},"2":{"start":{"line":15,"column":0},"end":{"line":15,"column":106}}},"fnMap":{},"branchMap":{},"s":{"0":2,"1":2,"2":2},"f":{},"b":{},"_coverageSchema":"1a1c01bbd47fc00a2c39e90264f33305004495a9","hash":"53db597124831ad02cdbd9cb8a8b064a0fb77044"}
,"C:\\Respaldo Jhosber\\Proyectos\\Label\\backend\\routes\\customExchangeRateRoutes.js": {"path":"C:\\Respaldo Jhosber\\Proyectos\\Label\\backend\\routes\\customExchangeRateRoutes.js","statementMap":{"0":{"start":{"line":2,"column":15},"end":{"line":2,"column":31}},"1":{"start":{"line":14,"column":0},"end":{"line":16,"column":35}},"2":{"start":{"line":19,"column":0},"end":{"line":21,"column":37}}},"fnMap":{},"branchMap":{},"s":{"0":2,"1":2,"2":2},"f":{},"b":{},"_coverageSchema":"1a1c01bbd47fc00a2c39e90264f33305004495a9","hash":"441f7c814258c70366fa047e3602dac3e3573c72"}
,"C:\\Respaldo Jhosber\\Proyectos\\Label\\backend\\routes\\exchangeRateRoutes.js": {"path":"C:\\Respaldo Jhosber\\Proyectos\\Label\\backend\\routes\\exchangeRateRoutes.js","statementMap":{"0":{"start":{"line":2,"column":15},"end":{"line":2,"column":31}},"1":{"start":{"line":13,"column":0},"end":{"line":15,"column":34}},"2":{"start":{"line":18,"column":0},"end":{"line":18,"column":49}}},"fnMap":{},"branchMap":{},"s":{"0":2,"1":2,"2":2},"f":{},"b":{},"_coverageSchema":"1a1c01bbd47fc00a2c39e90264f33305004495a9","hash":"6374af32b3b25193634421f72845eae314cd0e36"}
,"C:\\Respaldo Jhosber\\Proyectos\\Label\\backend\\routes\\productRoutes.js": {"path":"C:\\Respaldo Jhosber\\Proyectos\\Label\\backend\\routes\\productRoutes.js","statementMap":{"0":{"start":{"line":3,"column":15},"end":{"line":3,"column":31}},"1":{"start":{"line":17,"column":0},"end":{"line":17,"column":73}},"2":{"start":{"line":18,"column":0},"end":{"line":18,"column":105}},"3":{"start":{"line":21,"column":0},"end":{"line":21,"column":62}},"4":{"start":{"line":22,"column":0},"end":{"line":22,"column":64}},"5":{"start":{"line":25,"column":0},"end":{"line":25,"column":68}}},"fnMap":{},"branchMap":{},"s":{"0":2,"1":2,"2":2,"3":2,"4":2,"5":2},"f":{},"b":{},"_coverageSchema":"1a1c01bbd47fc00a2c39e90264f33305004495a9","hash":"0ea01613b7d90a65ec20b6f1f2074a7d35905739"}
,"C:\\Respaldo Jhosber\\Proyectos\\Label\\backend\\routes\\saleRoutes.js": {"path":"C:\\Respaldo Jhosber\\Proyectos\\Label\\backend\\routes\\saleRoutes.js","statementMap":{"0":{"start":{"line":3,"column":15},"end":{"line":3,"column":31}},"1":{"start":{"line":12,"column":0},"end":{"line":12,"column":67}},"2":{"start":{"line":13,"column":0},"end":{"line":13,"column":47}}},"fnMap":{},"branchMap":{},"s":{"0":2,"1":2,"2":2},"f":{},"b":{},"_coverageSchema":"1a1c01bbd47fc00a2c39e90264f33305004495a9","hash":"c714638d88dde86055606a107401184b624b822e"}
,"C:\\Respaldo Jhosber\\Proyectos\\Label\\backend\\routes\\statsRoutes.js": {"path":"C:\\Respaldo Jhosber\\Proyectos\\Label\\backend\\routes\\statsRoutes.js","statementMap":{"0":{"start":{"line":3,"column":15},"end":{"line":3,"column":31}},"1":{"start":{"line":8,"column":0},"end":{"line":8,"column":64}}},"fnMap":{},"branchMap":{},"s":{"0":2,"1":2},"f":{},"b":{},"_coverageSchema":"1a1c01bbd47fc00a2c39e90264f33305004495a9","hash":"b6a1b9dabe6b927c4d3cb7665fc1e572b1a0c5ad"}
,"C:\\Respaldo Jhosber\\Proyectos\\Label\\backend\\routes\\transactionRoutes.js": {"path":"C:\\Respaldo Jhosber\\Proyectos\\Label\\backend\\routes\\transactionRoutes.js","statementMap":{"0":{"start":{"line":3,"column":15},"end":{"line":3,"column":31}},"1":{"start":{"line":17,"column":0},"end":{"line":17,"column":53}},"2":{"start":{"line":19,"column":0},"end":{"line":19,"column":81}},"3":{"start":{"line":20,"column":0},"end":{"line":20,"column":121}}},"fnMap":{},"branchMap":{},"s":{"0":2,"1":2,"2":2,"3":2},"f":{},"b":{},"_coverageSchema":"1a1c01bbd47fc00a2c39e90264f33305004495a9","hash":"7ecb0999969431614a8d6410c9d9a017fd9db201"}
,"C:\\Respaldo Jhosber\\Proyectos\\Label\\backend\\routes\\uploadRoutes.js": {"path":"C:\\Respaldo Jhosber\\Proyectos\\Label\\backend\\routes\\uploadRoutes.js","statementMap":{"0":{"start":{"line":3,"column":15},"end":{"line":3,"column":31}},"1":{"start":{"line":8,"column":0},"end":{"line":8,"column":63}}},"fnMap":{},"branchMap":{},"s":{"0":2,"1":2},"f":{},"b":{},"_coverageSchema":"1a1c01bbd47fc00a2c39e90264f33305004495a9","hash":"a7904838fb85b5aa6c0eef17e57c5fb68537f29d"}
,"C:\\Respaldo Jhosber\\Proyectos\\Label\\backend\\routes\\userRoutes.js": {"path":"C:\\Respaldo Jhosber\\Proyectos\\Label\\backend\\routes\\userRoutes.js","statementMap":{"0":{"start":{"line":8,"column":15},"end":{"line":8,"column":31}},"1":{"start":{"line":11,"column":0},"end":{"line":11,"column":54}},"2":{"start":{"line":14,"column":0},"end":{"line":14,"column":64}}},"fnMap":{},"branchMap":{},"s":{"0":2,"1":2,"2":2},"f":{},"b":{},"_coverageSchema":"1a1c01bbd47fc00a2c39e90264f33305004495a9","hash":"393d141d13ffd04f763e35b1709914847a199855"}
,"C:\\Respaldo Jhosber\\Proyectos\\Label\\backend\\utils\\currencyCalculator.js": {"path":"C:\\Respaldo Jhosber\\Proyectos\\Label\\backend\\utils\\currencyCalculator.js","statementMap":{"0":{"start":{"line":9,"column":30},"end":{"line":11,"column":1}},"1":{"start":{"line":10,"column":4},"end":{"line":10,"column":102}},"2":{"start":{"line":10,"column":38},"end":{"line":10,"column":100}},"3":{"start":{"line":22,"column":26},"end":{"line":50,"column":1}},"4":{"start":{"line":23,"column":4},"end":{"line":26,"column":5}},"5":{"start":{"line":24,"column":8},"end":{"line":24,"column":97}},"6":{"start":{"line":25,"column":8},"end":{"line":25,"column":20}},"7":{"start":{"line":28,"column":4},"end":{"line":30,"column":5}},"8":{"start":{"line":29,"column":8},"end":{"line":29,"column":17}},"9":{"start":{"line":33,"column":29},"end":{"line":33,"column":108}},"10":{"start":{"line":34,"column":4},"end":{"line":36,"column":5}},"11":{"start":{"line":35,"column":8},"end":{"line":35,"column":37}},"12":{"start":{"line":39,"column":30},"end":{"line":39,"column":109}},"13":{"start":{"line":40,"column":4},"end":{"line":42,"column":5}},"14":{"start":{"line":41,"column":8},"end":{"line":41,"column":42}},"15":{"start":{"line":48,"column":4},"end":{"line":48,"column":158}},"16":{"start":{"line":49,"column":4},"end":{"line":49,"column":16}},"17":{"start":{"line":61,"column":21},"end":{"line":71,"column":1}},"18":{"start":{"line":62,"column":4},"end":{"line":65,"column":5}},"19":{"start":{"line":63,"column":8},"end":{"line":63,"column":64}},"20":{"start":{"line":64,"column":8},"end":{"line":64,"column":20}},"21":{"start":{"line":66,"column":17},"end":{"line":66,"column":80}},"22":{"start":{"line":67,"column":4},"end":{"line":69,"column":5}},"23":{"start":{"line":68,"column":8},"end":{"line":68,"column":54}},"24":{"start":{"line":70,"column":4},"end":{"line":70,"column":16}},"25":{"start":{"line":84,"column":27},"end":{"line":105,"column":1}},"26":{"start":{"line":85,"column":4},"end":{"line":88,"column":5}},"27":{"start":{"line":86,"column":8},"end":{"line":86,"column":71}},"28":{"start":{"line":87,"column":8},"end":{"line":87,"column":20}},"29":{"start":{"line":89,"column":4},"end":{"line":92,"column":5}},"30":{"start":{"line":90,"column":8},"end":{"line":90,"column":88}},"31":{"start":{"line":91,"column":8},"end":{"line":91,"column":20}},"32":{"start":{"line":94,"column":20},"end":{"line":94,"column":71}},"33":{"start":{"line":97,"column":4},"end":{"line":103,"column":5}},"34":{"start":{"line":98,"column":8},"end":{"line":98,"column":92}},"35":{"start":{"line":99,"column":8},"end":{"line":102,"column":9}},"36":{"start":{"line":100,"column":12},"end":{"line":100,"column":109}},"37":{"start":{"line":101,"column":12},"end":{"line":101,"column":24}},"38":{"start":{"line":104,"column":4},"end":{"line":104,"column":44}},"39":{"start":{"line":118,"column":42},"end":{"line":148,"column":1}},"40":{"start":{"line":119,"column":4},"end":{"line":123,"column":5}},"41":{"start":{"line":121,"column":8},"end":{"line":121,"column":89}},"42":{"start":{"line":122,"column":8},"end":{"line":122,"column":91}},"43":{"start":{"line":126,"column":36},"end":{"line":126,"column":87}},"44":{"start":{"line":127,"column":39},"end":{"line":127,"column":77}},"45":{"start":{"line":129,"column":27},"end":{"line":129,"column":31}},"46":{"start":{"line":130,"column":30},"end":{"line":130,"column":34}},"47":{"start":{"line":133,"column":4},"end":{"line":141,"column":5}},"48":{"start":{"line":134,"column":8},"end":{"line":134,"column":74}},"49":{"start":{"line":135,"column":8},"end":{"line":135,"column":80}},"50":{"start":{"line":137,"column":8},"end":{"line":137,"column":116}},"51":{"start":{"line":138,"column":8},"end":{"line":138,"column":122}},"52":{"start":{"line":139,"column":8},"end":{"line":139,"column":98}},"53":{"start":{"line":139,"column":39},"end":{"line":139,"column":98}},"54":{"start":{"line":140,"column":8},"end":{"line":140,"column":107}},"55":{"start":{"line":140,"column":42},"end":{"line":140,"column":107}},"56":{"start":{"line":143,"column":4},"end":{"line":147,"column":6}}},"fnMap":{"0":{"name":"(anonymous_0)","decl":{"start":{"line":9,"column":30},"end":{"line":9,"column":31}},"loc":{"start":{"line":9,"column":78},"end":{"line":11,"column":1}},"line":9},"1":{"name":"(anonymous_1)","decl":{"start":{"line":10,"column":33},"end":{"line":10,"column":34}},"loc":{"start":{"line":10,"column":38},"end":{"line":10,"column":100}},"line":10},"2":{"name":"(anonymous_2)","decl":{"start":{"line":22,"column":26},"end":{"line":22,"column":27}},"loc":{"start":{"line":22,"column":76},"end":{"line":50,"column":1}},"line":22},"3":{"name":"(anonymous_3)","decl":{"start":{"line":61,"column":21},"end":{"line":61,"column":22}},"loc":{"start":{"line":61,"column":79},"end":{"line":71,"column":1}},"line":61},"4":{"name":"(anonymous_4)","decl":{"start":{"line":84,"column":27},"end":{"line":84,"column":28}},"loc":{"start":{"line":84,"column":103},"end":{"line":105,"column":1}},"line":84},"5":{"name":"(anonymous_5)","decl":{"start":{"line":118,"column":42},"end":{"line":118,"column":43}},"loc":{"start":{"line":118,"column":121},"end":{"line":148,"column":1}},"line":118}},"branchMap":{"0":{"loc":{"start":{"line":10,"column":38},"end":{"line":10,"column":100}},"type":"binary-expr","locations":[{"start":{"line":10,"column":38},"end":{"line":10,"column":69}},{"start":{"line":10,"column":73},"end":{"line":10,"column":100}}],"line":10},"1":{"loc":{"start":{"line":23,"column":4},"end":{"line":26,"column":5}},"type":"if","locations":[{"start":{"line":23,"column":4},"end":{"line":26,"column":5}},{"start":{},"end":{}}],"line":23},"2":{"loc":{"start":{"line":23,"column":8},"end":{"line":23,"column":62}},"type":"binary-expr","locations":[{"start":{"line":23,"column":8},"end":{"line":23,"column":27}},{"start":{"line":23,"column":31},"end":{"line":23,"column":62}}],"line":23},"3":{"loc":{"start":{"line":28,"column":4},"end":{"line":30,"column":5}},"type":"if","locations":[{"start":{"line":28,"column":4},"end":{"line":30,"column":5}},{"start":{},"end":{}}],"line":28},"4":{"loc":{"start":{"line":34,"column":4},"end":{"line":36,"column":5}},"type":"if","locations":[{"start":{"line":34,"column":4},"end":{"line":36,"column":5}},{"start":{},"end":{}}],"line":34},"5":{"loc":{"start":{"line":34,"column":8},"end":{"line":34,"column":53}},"type":"binary-expr","locations":[{"start":{"line":34,"column":8},"end":{"line":34,"column":24}},{"start":{"line":34,"column":28},"end":{"line":34,"column":53}}],"line":34},"6":{"loc":{"start":{"line":40,"column":4},"end":{"line":42,"column":5}},"type":"if","locations":[{"start":{"line":40,"column":4},"end":{"line":42,"column":5}},{"start":{},"end":{}}],"line":40},"7":{"loc":{"start":{"line":40,"column":8},"end":{"line":40,"column":55}},"type":"binary-expr","locations":[{"start":{"line":40,"column":8},"end":{"line":40,"column":25}},{"start":{"line":40,"column":29},"end":{"line":40,"column":55}}],"line":40},"8":{"loc":{"start":{"line":62,"column":4},"end":{"line":65,"column":5}},"type":"if","locations":[{"start":{"line":62,"column":4},"end":{"line":65,"column":5}},{"start":{},"end":{}}],"line":62},"9":{"loc":{"start":{"line":62,"column":8},"end":{"line":62,"column":72}},"type":"binary-expr","locations":[{"start":{"line":62,"column":8},"end":{"line":62,"column":23}},{"start":{"line":62,"column":27},"end":{"line":62,"column":47}},{"start":{"line":62,"column":51},"end":{"line":62,"column":72}}],"line":62},"10":{"loc":{"start":{"line":67,"column":4},"end":{"line":69,"column":5}},"type":"if","locations":[{"start":{"line":67,"column":4},"end":{"line":69,"column":5}},{"start":{},"end":{}}],"line":67},"11":{"loc":{"start":{"line":85,"column":4},"end":{"line":88,"column":5}},"type":"if","locations":[{"start":{"line":85,"column":4},"end":{"line":88,"column":5}},{"start":{},"end":{}}],"line":85},"12":{"loc":{"start":{"line":85,"column":8},"end":{"line":85,"column":78}},"type":"binary-expr","locations":[{"start":{"line":85,"column":8},"end":{"line":85,"column":21}},{"start":{"line":85,"column":25},"end":{"line":85,"column":43}},{"start":{"line":85,"column":47},"end":{"line":85,"column":66}},{"start":{"line":85,"column":70},"end":{"line":85,"column":78}}],"line":85},"13":{"loc":{"start":{"line":89,"column":4},"end":{"line":92,"column":5}},"type":"if","locations":[{"start":{"line":89,"column":4},"end":{"line":92,"column":5}},{"start":{},"end":{}}],"line":89},"14":{"loc":{"start":{"line":89,"column":8},"end":{"line":89,"column":126}},"type":"binary-expr","locations":[{"start":{"line":89,"column":8},"end":{"line":89,"column":33}},{"start":{"line":89,"column":37},"end":{"line":89,"column":67}},{"start":{"line":89,"column":71},"end":{"line":89,"column":102}},{"start":{"line":89,"column":106},"end":{"line":89,"column":126}}],"line":89},"15":{"loc":{"start":{"line":97,"column":4},"end":{"line":103,"column":5}},"type":"if","locations":[{"start":{"line":97,"column":4},"end":{"line":103,"column":5}},{"start":{},"end":{}}],"line":97},"16":{"loc":{"start":{"line":99,"column":8},"end":{"line":102,"column":9}},"type":"if","locations":[{"start":{"line":99,"column":8},"end":{"line":102,"column":9}},{"start":{},"end":{}}],"line":99},"17":{"loc":{"start":{"line":119,"column":4},"end":{"line":123,"column":5}},"type":"if","locations":[{"start":{"line":119,"column":4},"end":{"line":123,"column":5}},{"start":{},"end":{}}],"line":119},"18":{"loc":{"start":{"line":119,"column":8},"end":{"line":120,"column":126}},"type":"binary-expr","locations":[{"start":{"line":119,"column":8},"end":{"line":119,"column":21}},{"start":{"line":119,"column":25},"end":{"line":119,"column":43}},{"start":{"line":119,"column":47},"end":{"line":119,"column":66}},{"start":{"line":119,"column":70},"end":{"line":119,"column":78}},{"start":{"line":120,"column":8},"end":{"line":120,"column":33}},{"start":{"line":120,"column":37},"end":{"line":120,"column":67}},{"start":{"line":120,"column":71},"end":{"line":120,"column":102}},{"start":{"line":120,"column":106},"end":{"line":120,"column":126}}],"line":119},"19":{"loc":{"start":{"line":133,"column":4},"end":{"line":141,"column":5}},"type":"if","locations":[{"start":{"line":133,"column":4},"end":{"line":141,"column":5}},{"start":{"line":136,"column":11},"end":{"line":141,"column":5}}],"line":133},"20":{"loc":{"start":{"line":139,"column":8},"end":{"line":139,"column":98}},"type":"if","locations":[{"start":{"line":139,"column":8},"end":{"line":139,"column":98}},{"start":{},"end":{}}],"line":139},"21":{"loc":{"start":{"line":140,"column":8},"end":{"line":140,"column":107}},"type":"if","locations":[{"start":{"line":140,"column":8},"end":{"line":140,"column":107}},{"start":{},"end":{}}],"line":140}},"s":{"0":2,"1":0,"2":0,"3":2,"4":0,"5":0,"6":0,"7":0,"8":0,"9":0,"10":0,"11":0,"12":0,"13":0,"14":0,"15":0,"16":0,"17":2,"18":0,"19":0,"20":0,"21":0,"22":0,"23":0,"24":0,"25":2,"26":0,"27":0,"28":0,"29":0,"30":0,"31":0,"32":0,"33":0,"34":0,"35":0,"36":0,"37":0,"38":0,"39":2,"40":0,"41":0,"42":0,"43":0,"44":0,"45":0,"46":0,"47":0,"48":0,"49":0,"50":0,"51":0,"52":0,"53":0,"54":0,"55":0,"56":0},"f":{"0":0,"1":0,"2":0,"3":0,"4":0,"5":0},"b":{"0":[0,0],"1":[0,0],"2":[0,0],"3":[0,0],"4":[0,0],"5":[0,0],"6":[0,0],"7":[0,0],"8":[0,0],"9":[0,0,0],"10":[0,0],"11":[0,0],"12":[0,0,0,0],"13":[0,0],"14":[0,0,0,0],"15":[0,0],"16":[0,0],"17":[0,0],"18":[0,0,0,0,0,0,0,0],"19":[0,0],"20":[0,0],"21":[0,0]},"_coverageSchema":"1a1c01bbd47fc00a2c39e90264f33305004495a9","hash":"5f676ac396a06d5c8512b89c93cbdfddda70a68b"}
,"C:\\Respaldo Jhosber\\Proyectos\\Label\\backend\\utils\\generateToken.js": {"path":"C:\\Respaldo Jhosber\\Proyectos\\Label\\backend\\utils\\generateToken.js","statementMap":{"0":{"start":{"line":4,"column":35},"end":{"line":8,"column":1}},"1":{"start":{"line":5,"column":2},"end":{"line":7,"column":5}},"2":{"start":{"line":11,"column":36},"end":{"line":15,"column":1}},"3":{"start":{"line":12,"column":2},"end":{"line":14,"column":5}}},"fnMap":{"0":{"name":"(anonymous_0)","decl":{"start":{"line":4,"column":35},"end":{"line":4,"column":36}},"loc":{"start":{"line":4,"column":43},"end":{"line":8,"column":1}},"line":4},"1":{"name":"(anonymous_1)","decl":{"start":{"line":11,"column":36},"end":{"line":11,"column":37}},"loc":{"start":{"line":11,"column":44},"end":{"line":15,"column":1}},"line":11}},"branchMap":{},"s":{"0":2,"1":3,"2":2,"3":3},"f":{"0":3,"1":3},"b":{},"_coverageSchema":"1a1c01bbd47fc00a2c39e90264f33305004495a9","hash":"32db857155352c2fc4c8e3c78ebbc5353bcb4235"}
,"C:\\Respaldo Jhosber\\Proyectos\\Label\\backend\\utils\\inventoryLogger.js": {"path":"C:\\Respaldo Jhosber\\Proyectos\\Label\\backend\\utils\\inventoryLogger.js","statementMap":{"0":{"start":{"line":4,"column":29},"end":{"line":50,"column":1}},"1":{"start":{"line":18,"column":4},"end":{"line":49,"column":5}},"2":{"start":{"line":19,"column":24},"end":{"line":28,"column":9}},"3":{"start":{"line":30,"column":8},"end":{"line":33,"column":9}},"4":{"start":{"line":31,"column":12},"end":{"line":31,"column":40}},"5":{"start":{"line":32,"column":12},"end":{"line":32,"column":46}},"6":{"start":{"line":34,"column":8},"end":{"line":36,"column":9}},"7":{"start":{"line":35,"column":12},"end":{"line":35,"column":46}},"8":{"start":{"line":39,"column":27},"end":{"line":39,"column":53}},"9":{"start":{"line":40,"column":8},"end":{"line":40,"column":57}},"10":{"start":{"line":46,"column":8},"end":{"line":46,"column":73}}},"fnMap":{"0":{"name":"(anonymous_0)","decl":{"start":{"line":4,"column":29},"end":{"line":4,"column":30}},"loc":{"start":{"line":17,"column":6},"end":{"line":50,"column":1}},"line":17}},"branchMap":{"0":{"loc":{"start":{"line":30,"column":8},"end":{"line":33,"column":9}},"type":"if","locations":[{"start":{"line":30,"column":8},"end":{"line":33,"column":9}},{"start":{},"end":{}}],"line":30},"1":{"loc":{"start":{"line":34,"column":8},"end":{"line":36,"column":9}},"type":"if","locations":[{"start":{"line":34,"column":8},"end":{"line":36,"column":9}},{"start":{},"end":{}}],"line":34},"2":{"loc":{"start":{"line":39,"column":27},"end":{"line":39,"column":53}},"type":"cond-expr","locations":[{"start":{"line":39,"column":37},"end":{"line":39,"column":48}},{"start":{"line":39,"column":51},"end":{"line":39,"column":53}}],"line":39}},"s":{"0":2,"1":0,"2":0,"3":0,"4":0,"5":0,"6":0,"7":0,"8":0,"9":0,"10":0},"f":{"0":0},"b":{"0":[0,0],"1":[0,0],"2":[0,0]},"_coverageSchema":"1a1c01bbd47fc00a2c39e90264f33305004495a9","hash":"8e54dacafe470f8a6052fac95ff5e57c51a1f888"}
}
