TN:
SF:app.js
FNF:0
FNH:0
DA:18,2
DA:21,2
DA:26,2
DA:29,2
DA:32,2
DA:35,2
DA:36,2
DA:37,2
DA:38,2
DA:39,2
DA:40,2
DA:41,2
DA:42,2
DA:43,2
DA:44,2
DA:47,2
DA:48,2
LF:17
LH:17
BRDA:22,0,0,2
BRDA:22,0,1,0
BRF:2
BRH:1
end_of_record
TN:
SF:constants.js
FNF:0
FNH:0
DA:2,2
LF:1
LH:1
BRF:0
BRH:0
end_of_record
TN:
SF:config\cloudinaryConfig.js
FNF:0
FNH:0
DA:6,2
LF:1
LH:1
BRF:0
BRH:0
end_of_record
TN:
SF:controllers\authController.js
FN:10,(anonymous_0)
FN:59,(anonymous_1)
FN:96,(anonymous_2)
FN:120,(anonymous_3)
FNF:4
FNH:2
FNDA:3,(anonymous_0)
FNDA:2,(anonymous_1)
FNDA:0,(anonymous_2)
FNDA:0,(anonymous_3)
DA:10,2
DA:11,3
DA:13,3
DA:14,0
DA:15,0
DA:18,3
DA:20,3
DA:21,1
DA:22,1
DA:25,2
DA:31,2
DA:33,2
DA:34,2
DA:37,2
DA:44,2
DA:54,0
DA:55,0
DA:59,2
DA:60,2
DA:61,2
DA:62,2
DA:64,2
DA:66,1
DA:67,1
DA:70,1
DA:78,1
DA:87,1
DA:88,1
DA:92,1
DA:96,2
DA:98,0
DA:100,0
DA:101,0
DA:102,0
DA:105,0
DA:107,0
DA:110,0
DA:111,0
DA:114,0
DA:115,0
DA:120,2
DA:122,0
DA:126,0
LF:43
LH:27
BRDA:13,0,0,0
BRDA:13,0,1,3
BRDA:13,1,0,3
BRDA:13,1,1,3
BRDA:13,1,2,3
BRDA:20,2,0,1
BRDA:20,2,1,2
BRDA:31,3,0,2
BRDA:31,3,1,0
BRDA:64,4,0,1
BRDA:64,4,1,1
BRDA:64,5,0,2
BRDA:64,5,1,2
BRDA:100,6,0,0
BRDA:100,6,1,0
BRF:15
BRH:11
end_of_record
TN:
SF:controllers\clientController.js
FN:8,(anonymous_0)
FN:17,(anonymous_1)
FN:41,(anonymous_2)
FN:62,(anonymous_3)
FN:90,(anonymous_4)
FNF:5
FNH:0
FNDA:0,(anonymous_0)
FNDA:0,(anonymous_1)
FNDA:0,(anonymous_2)
FNDA:0,(anonymous_3)
FNDA:0,(anonymous_4)
DA:8,2
DA:10,0
DA:11,0
DA:17,2
DA:18,0
DA:21,0
DA:22,0
DA:23,0
DA:26,0
DA:34,0
DA:41,2
DA:42,0
DA:44,0
DA:45,0
DA:46,0
DA:50,0
DA:51,0
DA:52,0
DA:55,0
DA:62,2
DA:63,0
DA:64,0
DA:66,0
DA:67,0
DA:68,0
DA:72,0
DA:73,0
DA:74,0
DA:77,0
DA:83,0
DA:90,2
DA:91,0
DA:93,0
DA:94,0
DA:95,0
DA:99,0
DA:100,0
DA:101,0
DA:104,0
DA:105,0
LF:40
LH:5
BRDA:21,0,0,0
BRDA:21,0,1,0
BRDA:44,1,0,0
BRDA:44,1,1,0
BRDA:50,2,0,0
BRDA:50,2,1,0
BRDA:66,3,0,0
BRDA:66,3,1,0
BRDA:72,4,0,0
BRDA:72,4,1,0
BRDA:93,5,0,0
BRDA:93,5,1,0
BRDA:99,6,0,0
BRDA:99,6,1,0
BRF:14
BRH:0
end_of_record
TN:
SF:controllers\customExchangeRateController.js
FN:9,(anonymous_0)
FN:23,(anonymous_1)
FN:37,(anonymous_2)
FN:66,(anonymous_3)
FN:76,(anonymous_4)
FN:104,(anonymous_5)
FNF:6
FNH:0
FNDA:0,(anonymous_0)
FNDA:0,(anonymous_1)
FNDA:0,(anonymous_2)
FNDA:0,(anonymous_3)
FNDA:0,(anonymous_4)
FNDA:0,(anonymous_5)
DA:9,2
DA:10,0
DA:11,0
DA:14,0
DA:16,0
DA:18,0
DA:22,0
DA:23,0
DA:26,0
DA:27,0
DA:29,0
DA:37,2
DA:38,0
DA:40,0
DA:41,0
DA:42,0
DA:46,0
DA:49,0
DA:51,0
DA:58,0
DA:66,2
DA:67,0
DA:68,0
DA:76,2
DA:77,0
DA:78,0
DA:80,0
DA:81,0
DA:82,0
DA:86,0
DA:87,0
DA:88,0
DA:92,0
DA:93,0
DA:95,0
DA:96,0
DA:104,2
DA:109,0
DA:110,0
DA:111,0
DA:112,0
DA:114,0
DA:115,0
LF:43
LH:5
BRDA:10,0,0,0
BRDA:10,0,1,0
BRDA:16,1,0,0
BRDA:16,1,1,0
BRDA:16,2,0,0
BRDA:16,2,1,0
BRDA:16,2,2,0
BRDA:23,3,0,0
BRDA:23,3,1,0
BRDA:26,4,0,0
BRDA:26,4,1,0
BRDA:40,5,0,0
BRDA:40,5,1,0
BRDA:40,6,0,0
BRDA:40,6,1,0
BRDA:40,6,2,0
BRDA:40,6,3,0
BRDA:80,7,0,0
BRDA:80,7,1,0
BRDA:86,8,0,0
BRDA:86,8,1,0
BRDA:110,9,0,0
BRDA:110,9,1,0
BRDA:110,10,0,0
BRDA:110,10,1,0
BRF:25
BRH:0
end_of_record
TN:
SF:controllers\exchangeRateController.js
FN:13,(anonymous_0)
FN:26,(anonymous_1)
FN:65,(anonymous_2)
FN:79,(anonymous_3)
FN:91,(anonymous_4)
FN:194,(anonymous_5)
FNF:6
FNH:0
FNDA:0,(anonymous_0)
FNDA:0,(anonymous_1)
FNDA:0,(anonymous_2)
FNDA:0,(anonymous_3)
FNDA:0,(anonymous_4)
FNDA:0,(anonymous_5)
DA:8,2
DA:13,2
DA:14,0
DA:16,0
DA:17,0
DA:19,0
DA:26,2
DA:28,0
DA:29,0
DA:32,0
DA:33,0
DA:34,0
DA:37,0
DA:38,0
DA:39,0
DA:40,0
DA:44,0
DA:45,0
DA:46,0
DA:47,0
DA:50,0
DA:51,0
DA:52,0
DA:53,0
DA:56,0
DA:57,0
DA:58,0
DA:59,0
DA:62,0
DA:64,0
DA:65,0
DA:66,0
DA:67,0
DA:70,0
DA:71,0
DA:73,0
DA:74,0
DA:77,0
DA:79,0
DA:84,0
DA:91,2
DA:92,0
DA:93,0
DA:95,0
DA:96,0
DA:97,0
DA:98,0
DA:100,0
DA:101,0
DA:103,0
DA:104,0
DA:105,0
DA:115,0
DA:116,0
DA:117,0
DA:119,0
DA:122,0
DA:123,0
DA:127,0
DA:131,0
DA:132,0
DA:134,0
DA:136,0
DA:137,0
DA:138,0
DA:139,0
DA:145,0
DA:149,0
DA:150,0
DA:151,0
DA:157,0
DA:159,0
DA:160,0
DA:162,0
DA:168,0
DA:169,0
DA:170,0
DA:172,0
DA:173,0
DA:175,0
DA:176,0
DA:178,0
DA:179,0
DA:180,0
DA:186,0
DA:194,0
DA:195,0
DA:196,0
DA:199,0
DA:202,0
DA:204,0
DA:205,0
DA:212,0
DA:213,0
DA:217,0
DA:218,0
DA:219,0
DA:220,0
DA:221,0
DA:224,0
LF:100
LH:4
BRDA:16,0,0,0
BRDA:16,0,1,0
BRDA:32,1,0,0
BRDA:32,1,1,0
BRDA:32,2,0,0
BRDA:32,2,1,0
BRDA:32,2,2,0
BRDA:38,3,0,0
BRDA:38,3,1,0
BRDA:38,4,0,0
BRDA:38,4,1,0
BRDA:38,4,2,0
BRDA:38,4,3,0
BRDA:45,5,0,0
BRDA:45,5,1,0
BRDA:45,6,0,0
BRDA:45,6,1,0
BRDA:45,6,2,0
BRDA:51,7,0,0
BRDA:51,7,1,0
BRDA:51,8,0,0
BRDA:51,8,1,0
BRDA:51,8,2,0
BRDA:57,9,0,0
BRDA:57,9,1,0
BRDA:57,10,0,0
BRDA:57,10,1,0
BRDA:57,10,2,0
BRDA:64,11,0,0
BRDA:64,11,1,0
BRDA:70,12,0,0
BRDA:70,12,1,0
BRDA:82,13,0,0
BRDA:82,13,1,0
BRDA:100,14,0,0
BRDA:100,14,1,0
BRDA:100,15,0,0
BRDA:100,15,1,0
BRDA:100,15,2,0
BRDA:103,16,0,0
BRDA:103,16,1,0
BRDA:116,17,0,0
BRDA:116,17,1,0
BRDA:132,18,0,0
BRDA:132,18,1,0
BRDA:136,19,0,0
BRDA:136,19,1,0
BRDA:136,20,0,0
BRDA:136,20,1,0
BRDA:138,21,0,0
BRDA:138,21,1,0
BRDA:150,22,0,0
BRDA:150,22,1,0
BRDA:159,23,0,0
BRDA:159,23,1,0
BRDA:170,24,0,0
BRDA:170,24,1,0
BRDA:173,25,0,0
BRDA:173,25,1,0
BRDA:178,26,0,0
BRDA:178,26,1,0
BRDA:178,27,0,0
BRDA:178,27,1,0
BRDA:178,27,2,0
BRDA:178,27,3,0
BRDA:195,28,0,0
BRDA:195,28,1,0
BRDA:204,29,0,0
BRDA:204,29,1,0
BRDA:218,30,0,0
BRDA:218,30,1,0
BRDA:220,31,0,0
BRDA:220,31,1,0
BRF:73
BRH:0
end_of_record
TN:
SF:controllers\productController.js
FN:11,(anonymous_0)
FN:106,(anonymous_1)
FN:125,(anonymous_2)
FN:227,(anonymous_3)
FN:330,(anonymous_4)
FN:344,(anonymous_5)
FN:454,(anonymous_6)
FN:550,(anonymous_7)
FN:591,(anonymous_8)
FN:604,(anonymous_9)
FN:638,(anonymous_10)
FN:650,(anonymous_11)
FN:667,(anonymous_12)
FN:705,(anonymous_13)
FN:718,(anonymous_14)
FN:736,(anonymous_15)
FN:757,(anonymous_16)
FNF:17
FNH:0
FNDA:0,(anonymous_0)
FNDA:0,(anonymous_1)
FNDA:0,(anonymous_2)
FNDA:0,(anonymous_3)
FNDA:0,(anonymous_4)
FNDA:0,(anonymous_5)
FNDA:0,(anonymous_6)
FNDA:0,(anonymous_7)
FNDA:0,(anonymous_8)
FNDA:0,(anonymous_9)
FNDA:0,(anonymous_10)
FNDA:0,(anonymous_11)
FNDA:0,(anonymous_12)
FNDA:0,(anonymous_13)
FNDA:0,(anonymous_14)
FNDA:0,(anonymous_15)
FNDA:0,(anonymous_16)
DA:11,2
DA:12,0
DA:13,0
DA:15,0
DA:17,0
DA:18,0
DA:35,0
DA:36,0
DA:38,0
DA:39,0
DA:41,0
DA:42,0
DA:44,0
DA:45,0
DA:47,0
DA:48,0
DA:51,0
DA:52,0
DA:53,0
DA:55,0
DA:56,0
DA:57,0
DA:58,0
DA:60,0
DA:61,0
DA:63,0
DA:64,0
DA:66,0
DA:67,0
DA:69,0
DA:70,0
DA:72,0
DA:73,0
DA:75,0
DA:76,0
DA:78,0
DA:81,0
DA:84,0
DA:89,0
DA:90,0
DA:92,0
DA:106,2
DA:107,0
DA:109,0
DA:110,0
DA:111,0
DA:114,0
DA:115,0
DA:116,0
DA:119,0
DA:125,2
DA:151,0
DA:153,0
DA:157,0
DA:159,0
DA:160,0
DA:161,0
DA:165,0
DA:169,0
DA:173,0
DA:174,0
DA:175,0
DA:176,0
DA:178,0
DA:179,0
DA:180,0
DA:182,0
DA:183,0
DA:184,0
DA:187,0
DA:188,0
DA:189,0
DA:190,0
DA:192,0
DA:193,0
DA:194,0
DA:196,0
DA:197,0
DA:198,0
DA:205,0
DA:206,0
DA:207,0
DA:215,0
DA:216,0
DA:217,0
DA:220,0
DA:221,0
DA:222,0
DA:227,0
DA:228,0
DA:231,0
DA:239,0
DA:241,0
DA:243,0
DA:245,0
DA:246,0
DA:249,0
DA:262,0
DA:290,0
DA:293,0
DA:294,0
DA:295,0
DA:296,0
DA:311,0
DA:312,0
DA:326,0
DA:328,0
DA:329,0
DA:330,0
DA:331,0
DA:333,0
DA:334,0
DA:336,0
DA:344,2
DA:345,0
DA:371,0
DA:373,0
DA:375,0
DA:377,0
DA:378,0
DA:379,0
DA:382,0
DA:383,0
DA:384,0
DA:388,0
DA:390,0
DA:391,0
DA:392,0
DA:396,0
DA:399,0
DA:402,0
DA:403,0
DA:404,0
DA:405,0
DA:407,0
DA:408,0
DA:409,0
DA:411,0
DA:412,0
DA:413,0
DA:416,0
DA:417,0
DA:418,0
DA:419,0
DA:421,0
DA:422,0
DA:423,0
DA:425,0
DA:426,0
DA:427,0
DA:433,0
DA:434,0
DA:435,0
DA:443,0
DA:444,0
DA:445,0
DA:447,0
DA:448,0
DA:449,0
DA:454,0
DA:455,0
DA:458,0
DA:466,0
DA:467,0
DA:468,0
DA:470,0
DA:471,0
DA:474,0
DA:487,0
DA:488,0
DA:489,0
DA:490,0
DA:491,0
DA:492,0
DA:494,0
DA:495,0
DA:496,0
DA:497,0
DA:498,0
DA:499,0
DA:500,0
DA:501,0
DA:502,0
DA:503,0
DA:504,0
DA:507,0
DA:510,0
DA:511,0
DA:512,0
DA:513,0
DA:514,0
DA:516,0
DA:519,0
DA:520,0
DA:522,0
DA:523,0
DA:525,0
DA:526,0
DA:528,0
DA:529,0
DA:530,0
DA:531,0
DA:533,0
DA:549,0
DA:550,0
DA:551,0
DA:566,0
DA:568,0
DA:569,0
DA:570,0
DA:572,0
DA:587,0
DA:589,0
DA:590,0
DA:591,0
DA:592,0
DA:594,0
DA:595,0
DA:597,0
DA:604,2
DA:605,0
DA:607,0
DA:612,0
DA:636,0
DA:638,0
DA:639,0
DA:650,0
DA:651,0
DA:661,0
DA:667,2
DA:668,0
DA:670,0
DA:675,0
DA:703,0
DA:705,0
DA:706,0
DA:718,0
DA:719,0
DA:729,0
DA:736,2
DA:737,0
DA:739,0
DA:740,0
DA:741,0
DA:744,0
DA:745,0
DA:746,0
DA:749,0
DA:751,0
DA:757,2
DA:758,0
DA:760,0
DA:807,0
LF:253
LH:8
BRDA:17,0,0,0
BRDA:17,0,1,0
BRDA:35,1,0,0
BRDA:35,1,1,0
BRDA:35,2,0,0
BRDA:35,2,1,0
BRDA:38,3,0,0
BRDA:38,3,1,0
BRDA:38,4,0,0
BRDA:38,4,1,0
BRDA:41,5,0,0
BRDA:41,5,1,0
BRDA:41,6,0,0
BRDA:41,6,1,0
BRDA:44,7,0,0
BRDA:44,7,1,0
BRDA:44,8,0,0
BRDA:44,8,1,0
BRDA:47,9,0,0
BRDA:47,9,1,0
BRDA:47,10,0,0
BRDA:47,10,1,0
BRDA:51,11,0,0
BRDA:51,11,1,0
BRDA:52,12,0,0
BRDA:52,12,1,0
BRDA:56,13,0,0
BRDA:56,13,1,0
BRDA:57,14,0,0
BRDA:57,14,1,0
BRDA:58,15,0,0
BRDA:58,15,1,0
BRDA:58,15,2,0
BRDA:58,15,3,0
BRDA:58,15,4,0
BRDA:58,15,5,0
BRDA:58,15,6,0
BRDA:109,16,0,0
BRDA:109,16,1,0
BRDA:114,17,0,0
BRDA:114,17,1,0
BRDA:159,18,0,0
BRDA:159,18,1,0
BRDA:169,19,0,0
BRDA:169,19,1,0
BRDA:173,20,0,0
BRDA:173,20,1,0
BRDA:173,21,0,0
BRDA:173,21,1,0
BRDA:174,22,0,0
BRDA:174,22,1,0
BRDA:174,23,0,0
BRDA:174,23,1,0
BRDA:174,23,2,0
BRDA:174,23,3,0
BRDA:174,23,4,0
BRDA:174,23,5,0
BRDA:178,24,0,0
BRDA:178,24,1,0
BRDA:178,25,0,0
BRDA:178,25,1,0
BRDA:182,26,0,0
BRDA:182,26,1,0
BRDA:182,27,0,0
BRDA:182,27,1,0
BRDA:188,28,0,0
BRDA:188,28,1,0
BRDA:188,29,0,0
BRDA:188,29,1,0
BRDA:188,29,2,0
BRDA:188,29,3,0
BRDA:192,30,0,0
BRDA:192,30,1,0
BRDA:192,31,0,0
BRDA:192,31,1,0
BRDA:196,32,0,0
BRDA:196,32,1,0
BRDA:196,33,0,0
BRDA:196,33,1,0
BRDA:206,34,0,0
BRDA:206,34,1,0
BRDA:206,35,0,0
BRDA:206,35,1,0
BRDA:209,36,0,0
BRDA:209,36,1,0
BRDA:212,37,0,0
BRDA:212,37,1,0
BRDA:215,38,0,0
BRDA:215,38,1,0
BRDA:220,39,0,0
BRDA:220,39,1,0
BRDA:227,40,0,0
BRDA:227,40,1,0
BRDA:228,41,0,0
BRDA:228,41,1,0
BRDA:228,41,2,0
BRDA:233,42,0,0
BRDA:233,42,1,0
BRDA:234,43,0,0
BRDA:234,43,1,0
BRDA:236,44,0,0
BRDA:236,44,1,0
BRDA:239,45,0,0
BRDA:239,45,1,0
BRDA:241,46,0,0
BRDA:241,46,1,0
BRDA:243,47,0,0
BRDA:243,47,1,0
BRDA:245,48,0,0
BRDA:245,48,1,0
BRDA:246,49,0,0
BRDA:246,49,1,0
BRDA:256,50,0,0
BRDA:256,50,1,0
BRDA:257,51,0,0
BRDA:257,51,1,0
BRDA:258,52,0,0
BRDA:258,52,1,0
BRDA:269,53,0,0
BRDA:269,53,1,0
BRDA:270,54,0,0
BRDA:270,54,1,0
BRDA:271,55,0,0
BRDA:271,55,1,0
BRDA:272,56,0,0
BRDA:272,56,1,0
BRDA:280,57,0,0
BRDA:280,57,1,0
BRDA:281,58,0,0
BRDA:281,58,1,0
BRDA:282,59,0,0
BRDA:282,59,1,0
BRDA:283,60,0,0
BRDA:283,60,1,0
BRDA:284,61,0,0
BRDA:284,61,1,0
BRDA:285,62,0,0
BRDA:285,62,1,0
BRDA:286,63,0,0
BRDA:286,63,1,0
BRDA:286,63,2,0
BRDA:293,64,0,0
BRDA:293,64,1,0
BRDA:293,65,0,0
BRDA:293,65,1,0
BRDA:295,66,0,0
BRDA:295,66,1,0
BRDA:311,67,0,0
BRDA:311,67,1,0
BRDA:329,68,0,0
BRDA:329,68,1,0
BRDA:333,69,0,0
BRDA:333,69,1,0
BRDA:333,70,0,0
BRDA:333,70,1,0
BRDA:333,70,2,0
BRDA:377,71,0,0
BRDA:377,71,1,0
BRDA:382,72,0,0
BRDA:382,72,1,0
BRDA:390,73,0,0
BRDA:390,73,1,0
BRDA:399,74,0,0
BRDA:399,74,1,0
BRDA:402,75,0,0
BRDA:402,75,1,0
BRDA:402,76,0,0
BRDA:402,76,1,0
BRDA:403,77,0,0
BRDA:403,77,1,0
BRDA:403,78,0,0
BRDA:403,78,1,0
BRDA:403,78,2,0
BRDA:403,78,3,0
BRDA:403,78,4,0
BRDA:403,78,5,0
BRDA:407,79,0,0
BRDA:407,79,1,0
BRDA:407,80,0,0
BRDA:407,80,1,0
BRDA:411,81,0,0
BRDA:411,81,1,0
BRDA:411,82,0,0
BRDA:411,82,1,0
BRDA:417,83,0,0
BRDA:417,83,1,0
BRDA:417,84,0,0
BRDA:417,84,1,0
BRDA:417,84,2,0
BRDA:417,84,3,0
BRDA:421,85,0,0
BRDA:421,85,1,0
BRDA:421,86,0,0
BRDA:421,86,1,0
BRDA:425,87,0,0
BRDA:425,87,1,0
BRDA:425,88,0,0
BRDA:425,88,1,0
BRDA:434,89,0,0
BRDA:434,89,1,0
BRDA:434,90,0,0
BRDA:434,90,1,0
BRDA:437,91,0,0
BRDA:437,91,1,0
BRDA:437,91,2,0
BRDA:440,92,0,0
BRDA:440,92,1,0
BRDA:440,92,2,0
BRDA:443,93,0,0
BRDA:443,93,1,0
BRDA:447,94,0,0
BRDA:447,94,1,0
BRDA:454,95,0,0
BRDA:454,95,1,0
BRDA:455,96,0,0
BRDA:455,96,1,0
BRDA:455,96,2,0
BRDA:460,97,0,0
BRDA:460,97,1,0
BRDA:460,97,2,0
BRDA:461,98,0,0
BRDA:461,98,1,0
BRDA:463,99,0,0
BRDA:463,99,1,0
BRDA:463,99,2,0
BRDA:466,100,0,0
BRDA:466,100,1,0
BRDA:467,101,0,0
BRDA:467,101,1,0
BRDA:468,102,0,0
BRDA:468,102,1,0
BRDA:470,103,0,0
BRDA:470,103,1,0
BRDA:471,104,0,0
BRDA:471,104,1,0
BRDA:481,105,0,0
BRDA:481,105,1,0
BRDA:482,106,0,0
BRDA:482,106,1,0
BRDA:483,107,0,0
BRDA:483,107,1,0
BRDA:492,108,0,0
BRDA:492,108,1,0
BRDA:502,109,0,0
BRDA:502,109,1,0
BRDA:503,110,0,0
BRDA:503,110,1,0
BRDA:504,111,0,0
BRDA:504,111,1,0
BRDA:510,112,0,0
BRDA:510,112,1,0
BRDA:510,112,2,0
BRDA:511,113,0,0
BRDA:511,113,1,0
BRDA:511,113,2,0
BRDA:512,114,0,0
BRDA:512,114,1,0
BRDA:512,114,2,0
BRDA:513,115,0,0
BRDA:513,115,1,0
BRDA:513,115,2,0
BRDA:513,115,3,0
BRDA:522,116,0,0
BRDA:522,116,1,0
BRDA:523,117,0,0
BRDA:523,117,1,0
BRDA:523,118,0,0
BRDA:523,118,1,0
BRDA:528,119,0,0
BRDA:528,119,1,0
BRDA:528,120,0,0
BRDA:528,120,1,0
BRDA:530,121,0,0
BRDA:530,121,1,0
BRDA:550,122,0,0
BRDA:550,122,1,0
BRDA:550,123,0,0
BRDA:550,123,1,0
BRDA:566,124,0,0
BRDA:566,124,1,0
BRDA:569,125,0,0
BRDA:569,125,1,0
BRDA:590,126,0,0
BRDA:590,126,1,0
BRDA:594,127,0,0
BRDA:594,127,1,0
BRDA:594,128,0,0
BRDA:594,128,1,0
BRDA:594,128,2,0
BRDA:739,129,0,0
BRDA:739,129,1,0
BRDA:744,130,0,0
BRDA:744,130,1,0
BRF:293
BRH:0
end_of_record
TN:
SF:controllers\saleController.js
FN:12,(anonymous_0)
FN:177,(anonymous_1)
FN:187,(anonymous_2)
FNF:3
FNH:0
FNDA:0,(anonymous_0)
FNDA:0,(anonymous_1)
FNDA:0,(anonymous_2)
DA:12,2
DA:13,0
DA:15,0
DA:16,0
DA:17,0
DA:19,0
DA:20,0
DA:21,0
DA:26,0
DA:27,0
DA:29,0
DA:30,0
DA:31,0
DA:32,0
DA:35,0
DA:37,0
DA:39,0
DA:40,0
DA:41,0
DA:44,0
DA:45,0
DA:46,0
DA:51,0
DA:52,0
DA:53,0
DA:56,0
DA:57,0
DA:58,0
DA:59,0
DA:60,0
DA:62,0
DA:63,0
DA:64,0
DA:68,0
DA:69,0
DA:71,0
DA:72,0
DA:75,0
DA:76,0
DA:77,0
DA:81,0
DA:83,0
DA:86,0
DA:87,0
DA:90,0
DA:101,0
DA:117,0
DA:125,0
DA:128,0
DA:136,0
DA:139,0
DA:140,0
DA:144,0
DA:145,0
DA:146,0
DA:149,0
DA:150,0
DA:152,0
DA:158,0
DA:159,0
DA:161,0
DA:164,0
DA:165,0
DA:166,0
DA:168,0
DA:169,0
DA:177,2
DA:178,0
DA:181,0
DA:187,2
DA:188,0
DA:190,0
DA:191,0
DA:192,0
DA:195,0
DA:196,0
DA:197,0
DA:200,0
LF:78
LH:3
BRDA:15,0,0,0
BRDA:15,0,1,0
BRDA:15,1,0,0
BRDA:15,1,1,0
BRDA:19,2,0,0
BRDA:19,2,1,0
BRDA:39,3,0,0
BRDA:39,3,1,0
BRDA:44,4,0,0
BRDA:44,4,1,0
BRDA:56,5,0,0
BRDA:56,5,1,0
BRDA:56,6,0,0
BRDA:56,6,1,0
BRDA:56,6,2,0
BRDA:58,7,0,0
BRDA:58,7,1,0
BRDA:75,8,0,0
BRDA:75,8,1,0
BRDA:77,9,0,0
BRDA:77,9,1,0
BRDA:96,10,0,0
BRDA:96,10,1,0
BRDA:130,11,0,0
BRDA:130,11,1,0
BRDA:164,12,0,0
BRDA:164,12,1,0
BRDA:190,13,0,0
BRDA:190,13,1,0
BRDA:195,14,0,0
BRDA:195,14,1,0
BRF:31
BRH:0
end_of_record
TN:
SF:controllers\statsController.js
FN:10,(anonymous_0)
FNF:1
FNH:0
FNDA:0,(anonymous_0)
DA:10,2
DA:11,0
DA:14,0
DA:16,0
DA:21,0
DA:24,0
DA:30,0
DA:46,0
DA:47,0
DA:50,0
DA:52,0
LF:11
LH:1
BRDA:21,0,0,0
BRDA:21,0,1,0
BRF:2
BRH:0
end_of_record
TN:
SF:controllers\transactionController.js
FN:8,(anonymous_0)
FN:16,(anonymous_1)
FN:48,(anonymous_2)
FN:67,(anonymous_3)
FN:98,(anonymous_4)
FN:118,(anonymous_5)
FN:124,(anonymous_6)
FN:125,(anonymous_7)
FN:128,(anonymous_8)
FN:134,(anonymous_9)
FNF:10
FNH:0
FNDA:0,(anonymous_0)
FNDA:0,(anonymous_1)
FNDA:0,(anonymous_2)
FNDA:0,(anonymous_3)
FNDA:0,(anonymous_4)
FNDA:0,(anonymous_5)
FNDA:0,(anonymous_6)
FNDA:0,(anonymous_7)
FNDA:0,(anonymous_8)
FNDA:0,(anonymous_9)
DA:8,2
DA:9,0
DA:10,0
DA:16,2
DA:17,0
DA:19,0
DA:20,0
DA:21,0
DA:24,0
DA:25,0
DA:26,0
DA:29,0
DA:30,0
DA:31,0
DA:34,0
DA:42,0
DA:48,2
DA:49,0
DA:51,0
DA:52,0
DA:53,0
DA:56,0
DA:57,0
DA:58,0
DA:61,0
DA:67,2
DA:68,0
DA:69,0
DA:71,0
DA:72,0
DA:73,0
DA:76,0
DA:77,0
DA:78,0
DA:81,0
DA:82,0
DA:83,0
DA:86,0
DA:92,0
DA:98,2
DA:99,0
DA:101,0
DA:102,0
DA:103,0
DA:106,0
DA:107,0
DA:108,0
DA:111,0
DA:112,0
DA:118,2
DA:119,0
DA:121,0
DA:122,0
DA:124,0
DA:125,0
DA:126,0
DA:128,0
DA:129,0
DA:130,0
DA:131,0
DA:134,0
DA:135,0
DA:136,0
DA:137,0
DA:140,0
LF:65
LH:6
BRDA:19,0,0,0
BRDA:19,0,1,0
BRDA:19,1,0,0
BRDA:19,1,1,0
BRDA:19,1,2,0
BRDA:19,1,3,0
BRDA:24,2,0,0
BRDA:24,2,1,0
BRDA:24,3,0,0
BRDA:24,3,1,0
BRDA:29,4,0,0
BRDA:29,4,1,0
BRDA:51,5,0,0
BRDA:51,5,1,0
BRDA:56,6,0,0
BRDA:56,6,1,0
BRDA:71,7,0,0
BRDA:71,7,1,0
BRDA:76,8,0,0
BRDA:76,8,1,0
BRDA:81,9,0,0
BRDA:81,9,1,0
BRDA:81,10,0,0
BRDA:81,10,1,0
BRDA:101,11,0,0
BRDA:101,11,1,0
BRDA:106,12,0,0
BRDA:106,12,1,0
BRDA:124,13,0,0
BRDA:124,13,1,0
BRDA:125,14,0,0
BRDA:125,14,1,0
BRDA:129,15,0,0
BRDA:129,15,1,0
BRDA:130,16,0,0
BRDA:130,16,1,0
BRDA:135,17,0,0
BRDA:135,17,1,0
BRDA:136,18,0,0
BRDA:136,18,1,0
BRF:40
BRH:0
end_of_record
TN:
SF:controllers\uploadController.js
FN:6,(anonymous_0)
FNF:1
FNH:0
FNDA:0,(anonymous_0)
DA:6,2
DA:9,0
DA:10,0
DA:11,0
DA:12,0
DA:13,0
DA:14,0
DA:15,0
DA:17,0
DA:18,0
DA:19,0
DA:20,0
DA:21,0
DA:22,0
DA:24,0
DA:25,0
DA:27,0
DA:28,0
DA:29,0
DA:33,0
DA:34,0
DA:37,0
DA:38,0
DA:47,0
DA:48,0
DA:55,0
DA:56,0
DA:57,0
LF:28
LH:1
BRDA:9,0,0,0
BRDA:9,0,1,0
BRDA:12,1,0,0
BRDA:12,1,1,0
BRDA:14,2,0,0
BRDA:14,2,1,0
BRDA:20,3,0,0
BRDA:20,3,1,0
BRDA:20,4,0,0
BRDA:20,4,1,0
BRF:10
BRH:0
end_of_record
TN:
SF:controllers\userController.js
FN:7,(anonymous_0)
FN:20,(anonymous_1)
FNF:2
FNH:0
FNDA:0,(anonymous_0)
FNDA:0,(anonymous_1)
DA:7,2
DA:9,0
DA:10,0
DA:12,0
DA:13,0
DA:20,2
DA:21,0
DA:22,0
LF:8
LH:2
BRDA:9,0,0,0
BRDA:9,0,1,0
BRF:2
BRH:0
end_of_record
TN:
SF:middleware\authMiddleware.js
FN:5,(anonymous_0)
FN:48,(anonymous_1)
FN:49,(anonymous_2)
FNF:3
FNH:2
FNDA:4,(anonymous_0)
FNDA:2,(anonymous_1)
FNDA:0,(anonymous_2)
DA:5,2
DA:9,4
DA:14,2
DA:16,2
DA:18,2
DA:21,2
DA:24,0
DA:25,0
DA:30,2
DA:31,2
DA:32,2
DA:35,0
DA:38,2
DA:39,2
DA:40,2
DA:48,2
DA:49,2
DA:51,0
DA:52,0
DA:53,0
DA:55,0
LF:21
LH:14
BRDA:9,0,0,2
BRDA:9,0,1,2
BRDA:10,1,0,4
BRDA:10,1,1,2
BRDA:30,2,0,2
BRDA:30,2,1,0
BRDA:38,3,0,2
BRDA:38,3,1,0
BRDA:51,4,0,0
BRDA:51,4,1,0
BRDA:51,5,0,0
BRDA:51,5,1,0
BRF:12
BRH:6
end_of_record
TN:
SF:middleware\errorMiddleware.js
FN:4,(anonymous_0)
FN:11,(anonymous_1)
FNF:2
FNH:1
FNDA:0,(anonymous_0)
FNDA:6,(anonymous_1)
DA:4,2
DA:5,0
DA:6,0
DA:7,0
DA:11,2
DA:13,6
DA:14,6
DA:15,6
LF:8
LH:5
BRDA:13,0,0,0
BRDA:13,0,1,6
BRDA:17,1,0,0
BRDA:17,1,1,6
BRF:4
BRH:2
end_of_record
TN:
SF:middleware\uploadMiddleware.js
FN:10,(anonymous_0)
FNF:1
FNH:0
FNDA:0,(anonymous_0)
DA:6,2
DA:10,2
DA:11,0
DA:12,0
DA:14,0
DA:19,2
LF:6
LH:3
BRDA:11,0,0,0
BRDA:11,0,1,0
BRF:2
BRH:0
end_of_record
TN:
SF:models\Client.js
FNF:0
FNH:0
DA:4,2
DA:42,2
LF:2
LH:2
BRF:0
BRH:0
end_of_record
TN:
SF:models\ExchangeRate.js
FNF:0
FNH:0
DA:7,2
DA:30,2
LF:2
LH:2
BRF:0
BRH:0
end_of_record
TN:
SF:models\InventoryLog.js
FNF:0
FNH:0
DA:4,2
LF:1
LH:1
BRF:0
BRH:0
end_of_record
TN:
SF:models\Sale.js
FNF:0
FNH:0
DA:4,2
DA:27,2
DA:64,2
LF:3
LH:3
BRF:0
BRH:0
end_of_record
TN:
SF:models\Transaction.js
FNF:0
FNH:0
DA:4,2
DA:37,2
LF:2
LH:2
BRF:0
BRH:0
end_of_record
TN:
SF:models\customExchangeRateModel.js
FNF:0
FNH:0
DA:10,2
DA:47,2
LF:2
LH:2
BRF:0
BRH:0
end_of_record
TN:
SF:models\productModel.js
FN:249,(anonymous_0)
FN:251,(anonymous_1)
FN:257,(anonymous_2)
FN:260,(anonymous_3)
FN:271,(anonymous_4)
FN:275,(anonymous_5)
FNF:6
FNH:0
FNDA:0,(anonymous_0)
FNDA:0,(anonymous_1)
FNDA:0,(anonymous_2)
FNDA:0,(anonymous_3)
FNDA:0,(anonymous_4)
FNDA:0,(anonymous_5)
DA:6,2
DA:104,2
DA:245,2
DA:246,2
DA:249,2
DA:250,0
DA:251,0
DA:253,0
DA:257,2
DA:259,0
DA:260,0
DA:263,0
DA:267,2
DA:268,2
DA:271,2
DA:272,0
DA:275,0
DA:279,0
DA:280,0
DA:281,0
DA:284,0
DA:285,0
DA:286,0
DA:293,0
LF:24
LH:9
BRDA:250,0,0,0
BRDA:250,0,1,0
BRDA:250,1,0,0
BRDA:250,1,1,0
BRDA:259,2,0,0
BRDA:259,2,1,0
BRDA:259,3,0,0
BRDA:259,3,1,0
BRDA:272,4,0,0
BRDA:272,4,1,0
BRDA:272,5,0,0
BRDA:272,5,1,0
BRDA:279,6,0,0
BRDA:279,6,1,0
BRDA:280,7,0,0
BRDA:280,7,1,0
BRDA:281,8,0,0
BRDA:281,8,1,0
BRDA:284,9,0,0
BRDA:284,9,1,0
BRDA:285,10,0,0
BRDA:285,10,1,0
BRDA:286,11,0,0
BRDA:286,11,1,0
BRF:24
BRH:0
end_of_record
TN:
SF:models\userModel.js
FN:38,(anonymous_0)
FN:47,(anonymous_1)
FNF:2
FNH:2
FNDA:5,(anonymous_0)
FNDA:2,(anonymous_1)
DA:5,2
DA:38,2
DA:39,5
DA:40,0
DA:42,5
DA:43,5
DA:47,2
DA:48,2
DA:51,2
LF:9
LH:8
BRDA:39,0,0,0
BRDA:39,0,1,5
BRF:2
BRH:1
end_of_record
TN:
SF:routes\authRoutes.js
FNF:0
FNH:0
DA:9,2
DA:11,2
DA:12,2
DA:13,2
DA:14,2
LF:5
LH:5
BRF:0
BRH:0
end_of_record
TN:
SF:routes\clientRoutes.js
FNF:0
FNH:0
DA:3,2
DA:14,2
DA:15,2
LF:3
LH:3
BRF:0
BRH:0
end_of_record
TN:
SF:routes\customExchangeRateRoutes.js
FNF:0
FNH:0
DA:2,2
DA:14,2
DA:19,2
LF:3
LH:3
BRF:0
BRH:0
end_of_record
TN:
SF:routes\exchangeRateRoutes.js
FNF:0
FNH:0
DA:2,2
DA:13,2
DA:18,2
LF:3
LH:3
BRF:0
BRH:0
end_of_record
TN:
SF:routes\productRoutes.js
FNF:0
FNH:0
DA:3,2
DA:17,2
DA:18,2
DA:21,2
DA:22,2
DA:25,2
LF:6
LH:6
BRF:0
BRH:0
end_of_record
TN:
SF:routes\saleRoutes.js
FNF:0
FNH:0
DA:3,2
DA:12,2
DA:13,2
LF:3
LH:3
BRF:0
BRH:0
end_of_record
TN:
SF:routes\statsRoutes.js
FNF:0
FNH:0
DA:3,2
DA:8,2
LF:2
LH:2
BRF:0
BRH:0
end_of_record
TN:
SF:routes\transactionRoutes.js
FNF:0
FNH:0
DA:3,2
DA:17,2
DA:19,2
DA:20,2
LF:4
LH:4
BRF:0
BRH:0
end_of_record
TN:
SF:routes\uploadRoutes.js
FNF:0
FNH:0
DA:3,2
DA:8,2
LF:2
LH:2
BRF:0
BRH:0
end_of_record
TN:
SF:routes\userRoutes.js
FNF:0
FNH:0
DA:8,2
DA:11,2
DA:14,2
LF:3
LH:3
BRF:0
BRH:0
end_of_record
TN:
SF:utils\currencyCalculator.js
FN:9,(anonymous_0)
FN:10,(anonymous_1)
FN:22,(anonymous_2)
FN:61,(anonymous_3)
FN:84,(anonymous_4)
FN:118,(anonymous_5)
FNF:6
FNH:0
FNDA:0,(anonymous_0)
FNDA:0,(anonymous_1)
FNDA:0,(anonymous_2)
FNDA:0,(anonymous_3)
FNDA:0,(anonymous_4)
FNDA:0,(anonymous_5)
DA:9,2
DA:10,0
DA:22,2
DA:23,0
DA:24,0
DA:25,0
DA:28,0
DA:29,0
DA:33,0
DA:34,0
DA:35,0
DA:39,0
DA:40,0
DA:41,0
DA:48,0
DA:49,0
DA:61,2
DA:62,0
DA:63,0
DA:64,0
DA:66,0
DA:67,0
DA:68,0
DA:70,0
DA:84,2
DA:85,0
DA:86,0
DA:87,0
DA:89,0
DA:90,0
DA:91,0
DA:94,0
DA:97,0
DA:98,0
DA:99,0
DA:100,0
DA:101,0
DA:104,0
DA:118,2
DA:119,0
DA:121,0
DA:122,0
DA:126,0
DA:127,0
DA:129,0
DA:130,0
DA:133,0
DA:134,0
DA:135,0
DA:137,0
DA:138,0
DA:139,0
DA:140,0
DA:143,0
LF:54
LH:5
BRDA:10,0,0,0
BRDA:10,0,1,0
BRDA:23,1,0,0
BRDA:23,1,1,0
BRDA:23,2,0,0
BRDA:23,2,1,0
BRDA:28,3,0,0
BRDA:28,3,1,0
BRDA:34,4,0,0
BRDA:34,4,1,0
BRDA:34,5,0,0
BRDA:34,5,1,0
BRDA:40,6,0,0
BRDA:40,6,1,0
BRDA:40,7,0,0
BRDA:40,7,1,0
BRDA:62,8,0,0
BRDA:62,8,1,0
BRDA:62,9,0,0
BRDA:62,9,1,0
BRDA:62,9,2,0
BRDA:67,10,0,0
BRDA:67,10,1,0
BRDA:85,11,0,0
BRDA:85,11,1,0
BRDA:85,12,0,0
BRDA:85,12,1,0
BRDA:85,12,2,0
BRDA:85,12,3,0
BRDA:89,13,0,0
BRDA:89,13,1,0
BRDA:89,14,0,0
BRDA:89,14,1,0
BRDA:89,14,2,0
BRDA:89,14,3,0
BRDA:97,15,0,0
BRDA:97,15,1,0
BRDA:99,16,0,0
BRDA:99,16,1,0
BRDA:119,17,0,0
BRDA:119,17,1,0
BRDA:119,18,0,0
BRDA:119,18,1,0
BRDA:119,18,2,0
BRDA:119,18,3,0
BRDA:119,18,4,0
BRDA:119,18,5,0
BRDA:119,18,6,0
BRDA:119,18,7,0
BRDA:133,19,0,0
BRDA:133,19,1,0
BRDA:139,20,0,0
BRDA:139,20,1,0
BRDA:140,21,0,0
BRDA:140,21,1,0
BRF:55
BRH:0
end_of_record
TN:
SF:utils\generateToken.js
FN:4,(anonymous_0)
FN:11,(anonymous_1)
FNF:2
FNH:2
FNDA:3,(anonymous_0)
FNDA:3,(anonymous_1)
DA:4,2
DA:5,3
DA:11,2
DA:12,3
LF:4
LH:4
BRF:0
BRH:0
end_of_record
TN:
SF:utils\inventoryLogger.js
FN:4,(anonymous_0)
FNF:1
FNH:0
FNDA:0,(anonymous_0)
DA:4,2
DA:18,0
DA:19,0
DA:30,0
DA:31,0
DA:32,0
DA:34,0
DA:35,0
DA:39,0
DA:40,0
DA:46,0
LF:11
LH:1
BRDA:30,0,0,0
BRDA:30,0,1,0
BRDA:34,1,0,0
BRDA:34,1,1,0
BRDA:39,2,0,0
BRDA:39,2,1,0
BRF:6
BRH:0
end_of_record
